<?xml version="1.0" encoding="UTF-8"?>
<testsuite name="newbie.gateway.gateway.GatewayApplicationTests" tests="1" skipped="0" failures="0" errors="0" timestamp="2024-11-08T08:16:56" hostname="DESKTOP-6ABJ64L" time="0.555">
  <properties/>
  <testcase name="contextLoads()" classname="newbie.gateway.gateway.GatewayApplicationTests" time="0.555"/>
  <system-out><![CDATA[17:16:54.065 [Test worker] INFO org.springframework.test.context.support.AnnotationConfigContextLoaderUtils -- Could not detect default configuration classes for test class [newbie.gateway.gateway.GatewayApplicationTests]: GatewayApplicationTests does not declare any static, non-private, non-final, nested classes annotated with @Configuration.
17:16:54.143 [Test worker] INFO org.springframework.boot.test.context.SpringBootTestContextBootstrapper -- Found @SpringBootConfiguration newbie.gateway.gateway.GatewayApplication for test class newbie.gateway.gateway.GatewayApplicationTests

  .   ____          _            __ _ _
 /\\ / ___'_ __ _ _(_)_ __  __ _ \ \ \ \
( ( )\___ | '_ | '_| | '_ \/ _` | \ \ \ \
 \\/  ___)| |_)| | | | | || (_| |  ) ) ) )
  '  |____| .__|_| |_|_| |_\__, | / / / /
 =========|_|==============|___/=/_/_/_/

 :: Spring Boot ::                (v3.3.5)

2024-11-08T17:16:54.590+09:00  INFO 23248 --- [gateway] [    Test worker] n.g.gateway.GatewayApplicationTests      : Starting GatewayApplicationTests using Java 17.0.12 with PID 23248 (started by SSAFY in C:\Users\SSAFY\Desktop\자율PJT\우리팀\gitlab\S11P31B304\S11P31B304\backend\gateway)
2024-11-08T17:16:54.591+09:00  INFO 23248 --- [gateway] [    Test worker] n.g.gateway.GatewayApplicationTests      : No active profile set, falling back to 1 default profile: "default"
2024-11-08T17:16:54.592+09:00 DEBUG 23248 --- [gateway] [    Test worker] o.s.boot.SpringApplication               : Loading source class newbie.gateway.gateway.GatewayApplication
2024-11-08T17:16:54.611+09:00 DEBUG 23248 --- [gateway] [    Test worker] r.c.GenericReactiveWebApplicationContext : Refreshing org.springframework.boot.web.reactive.context.GenericReactiveWebApplicationContext@4af46df3
2024-11-08T17:16:54.622+09:00 DEBUG 23248 --- [gateway] [    Test worker] o.s.b.f.s.DefaultListableBeanFactory     : Creating shared instance of singleton bean 'org.springframework.context.annotation.internalConfigurationAnnotationProcessor'
2024-11-08T17:16:54.628+09:00 DEBUG 23248 --- [gateway] [    Test worker] o.s.b.f.s.DefaultListableBeanFactory     : Creating shared instance of singleton bean 'org.springframework.boot.autoconfigure.internalCachingMetadataReaderFactory'
2024-11-08T17:16:54.655+09:00 DEBUG 23248 --- [gateway] [    Test worker] o.s.c.a.ClassPathBeanDefinitionScanner   : Identified candidate component class: file [C:\Users\SSAFY\Desktop\자율PJT\우리팀\gitlab\S11P31B304\S11P31B304\backend\gateway\build\classes\java\main\newbie\gateway\gateway\config\AuthConfig.class]
2024-11-08T17:16:54.656+09:00 DEBUG 23248 --- [gateway] [    Test worker] o.s.c.a.ClassPathBeanDefinitionScanner   : Identified candidate component class: file [C:\Users\SSAFY\Desktop\자율PJT\우리팀\gitlab\S11P31B304\S11P31B304\backend\gateway\build\classes\java\main\newbie\gateway\gateway\config\CorsConfig.class]
2024-11-08T17:16:54.658+09:00 DEBUG 23248 --- [gateway] [    Test worker] o.s.c.a.ClassPathBeanDefinitionScanner   : Identified candidate component class: file [C:\Users\SSAFY\Desktop\자율PJT\우리팀\gitlab\S11P31B304\S11P31B304\backend\gateway\build\classes\java\main\newbie\gateway\gateway\config\SecurityConfig.class]
2024-11-08T17:16:54.659+09:00 DEBUG 23248 --- [gateway] [    Test worker] o.s.c.a.ClassPathBeanDefinitionScanner   : Identified candidate component class: file [C:\Users\SSAFY\Desktop\자율PJT\우리팀\gitlab\S11P31B304\S11P31B304\backend\gateway\build\classes\java\main\newbie\gateway\gateway\jwt\JwtAuthenticationFilter.class]
2024-11-08T17:16:54.660+09:00 DEBUG 23248 --- [gateway] [    Test worker] o.s.c.a.ClassPathBeanDefinitionScanner   : Identified candidate component class: file [C:\Users\SSAFY\Desktop\자율PJT\우리팀\gitlab\S11P31B304\S11P31B304\backend\gateway\build\classes\java\main\newbie\gateway\gateway\jwt\JwtUtil.class]
2024-11-08T17:16:55.137+09:00 DEBUG 23248 --- [gateway] [    Test worker] o.s.b.f.s.DefaultListableBeanFactory     : Creating shared instance of singleton bean 'refreshScope'
2024-11-08T17:16:55.141+09:00 DEBUG 23248 --- [gateway] [    Test worker] o.s.b.f.s.DefaultListableBeanFactory     : Creating shared instance of singleton bean 'org.springframework.cloud.autoconfigure.RefreshAutoConfiguration$RefreshScopeBeanDefinitionEnhancer'
2024-11-08T17:16:55.203+09:00 DEBUG 23248 --- [gateway] [    Test worker] o.s.cloud.context.scope.GenericScope     : Generating bean factory id from names: [adaptCachedBodyGlobalFilter, addRequestHeaderGatewayFilterFactory, addRequestHeadersIfNotPresentGatewayFilterFactory, addRequestParameterGatewayFilterFactory, addResponseHeaderGatewayFilterFactory, afterRoutePredicateFactory, applicationAvailability, applicationTaskExecutor, authConfig, authenticationEventPublisher, authenticationManager, authenticationPrincipalArgumentResolver, authenticationPrincipalArgumentResolverConfigurer, beforeRoutePredicateFactory, betweenRoutePredicateFactory, cacheRequestBodyGatewayFilterFactory, cachedCompositeRouteLocator, cloudFoundryRouteServiceRoutePredicateFactory, compositeCompatibilityVerifier, compositeDiscoveryClient, configDataContextRefresher, configurableHintsRegistrationProcessor, configurationPropertiesBeans, configurationPropertiesRebinder, conversionServicePostProcessor, cookieRoutePredicateFactory, corsConfig, corsGatewayFilterApplicationListener, corsWebFilter, dedupeResponseHeaderGatewayFilterFactory, defaultCodecCustomizer, defaultPartHttpMessageReaderCustomizer, defaultValidator, defaultsBindHandlerAdvisor, deprecatedKeyValueConverter, discoveryLocatorProperties, environmentManager, errorAttributes, errorWebExceptionHandler, exchangeStrategiesCustomizer, fileWatcher, filteringWebHandler, forceAutoProxyCreatorToUseClassProxying, forwardPathFilter, forwardRoutingFilter, forwardedHeadersFilter, gRPCRequestHeadersFilter, gRPCResponseHeadersFilter, gatewayApplication, gatewayConfigurationService, gatewayHttpClientFactory, gatewayProperties, globalCorsProperties, gzipMessageBodyResolver, handlerFunctionAdapter, headerRoutePredicateFactory, hostRoutePredicateFactory, httpClientProperties, httpClientSslConfigurer, httpHandler, inMemoryRouteDefinitionRepository, inetUtils, inetUtilsProperties, jacksonCodecCustomizer, jacksonObjectMapper, jacksonObjectMapperBuilder, jsonComponentModule, jsonMixinModule, jsonMixinModuleEntries, jwtAuthenticationFilter, jwtUtil, keyValueConverter, lifecycleProcessor, loadBalancerClientsDefaultsMappingsProvider, localeContextResolver, loggingRebinder, mapRequestHeaderGatewayFilterFactory, methodRoutePredicateFactory, methodValidationPostProcessor, modifyRequestBodyGatewayFilterFactory, modifyResponseBodyGatewayFilterFactory, nettyReactiveWebServerFactory, nettyWebServerFactoryCustomizer, nettyWriteResponseFilter, noLoadBalancerClientFilter, org.springframework.boot.autoconfigure.AutoConfigurationPackages, org.springframework.boot.autoconfigure.aop.AopAutoConfiguration, org.springframework.boot.autoconfigure.aop.AopAutoConfiguration$ClassProxyingConfiguration, org.springframework.boot.autoconfigure.availability.ApplicationAvailabilityAutoConfiguration, org.springframework.boot.autoconfigure.context.ConfigurationPropertiesAutoConfiguration, org.springframework.boot.autoconfigure.context.LifecycleAutoConfiguration, org.springframework.boot.autoconfigure.context.PropertyPlaceholderAutoConfiguration, org.springframework.boot.autoconfigure.http.codec.CodecsAutoConfiguration, org.springframework.boot.autoconfigure.http.codec.CodecsAutoConfiguration$DefaultCodecsConfiguration, org.springframework.boot.autoconfigure.http.codec.CodecsAutoConfiguration$JacksonCodecConfiguration, org.springframework.boot.autoconfigure.info.ProjectInfoAutoConfiguration, org.springframework.boot.autoconfigure.internalCachingMetadataReaderFactory, org.springframework.boot.autoconfigure.jackson.JacksonAutoConfiguration, org.springframework.boot.autoconfigure.jackson.JacksonAutoConfiguration$Jackson2ObjectMapperBuilderCustomizerConfiguration, org.springframework.boot.autoconfigure.jackson.JacksonAutoConfiguration$JacksonMixinConfiguration, org.springframework.boot.autoconfigure.jackson.JacksonAutoConfiguration$JacksonObjectMapperBuilderConfiguration, org.springframework.boot.autoconfigure.jackson.JacksonAutoConfiguration$JacksonObjectMapperConfiguration, org.springframework.boot.autoconfigure.jackson.JacksonAutoConfiguration$ParameterNamesModuleConfiguration, org.springframework.boot.autoconfigure.netty.NettyAutoConfiguration, org.springframework.boot.autoconfigure.reactor.ReactorAutoConfiguration, org.springframework.boot.autoconfigure.reactor.netty.ReactorNettyConfigurations$ReactorResourceFactoryConfiguration, org.springframework.boot.autoconfigure.security.oauth2.resource.reactive.ReactiveOAuth2ResourceServerAutoConfiguration, org.springframework.boot.autoconfigure.security.reactive.ReactiveSecurityAutoConfiguration, org.springframework.boot.autoconfigure.security.reactive.ReactiveSecurityAutoConfiguration$SpringBootWebFluxSecurityConfiguration, org.springframework.boot.autoconfigure.security.servlet.SecurityAutoConfiguration, org.springframework.boot.autoconfigure.sql.init.SqlInitializationAutoConfiguration, org.springframework.boot.autoconfigure.ssl.SslAutoConfiguration, org.springframework.boot.autoconfigure.task.TaskExecutionAutoConfiguration, org.springframework.boot.autoconfigure.task.TaskExecutorConfigurations$SimpleAsyncTaskExecutorBuilderConfiguration, org.springframework.boot.autoconfigure.task.TaskExecutorConfigurations$TaskExecutorBuilderConfiguration, org.springframework.boot.autoconfigure.task.TaskExecutorConfigurations$TaskExecutorConfiguration, org.springframework.boot.autoconfigure.task.TaskExecutorConfigurations$ThreadPoolTaskExecutorBuilderConfiguration, org.springframework.boot.autoconfigure.task.TaskSchedulingAutoConfiguration, org.springframework.boot.autoconfigure.task.TaskSchedulingConfigurations$SimpleAsyncTaskSchedulerBuilderConfiguration, org.springframework.boot.autoconfigure.task.TaskSchedulingConfigurations$TaskSchedulerBuilderConfiguration, org.springframework.boot.autoconfigure.task.TaskSchedulingConfigurations$ThreadPoolTaskSchedulerBuilderConfiguration, org.springframework.boot.autoconfigure.validation.ValidationAutoConfiguration, org.springframework.boot.autoconfigure.web.embedded.EmbeddedWebServerFactoryCustomizerAutoConfiguration, org.springframework.boot.autoconfigure.web.embedded.EmbeddedWebServerFactoryCustomizerAutoConfiguration$NettyWebServerFactoryCustomizerConfiguration, org.springframework.boot.autoconfigure.web.reactive.HttpHandlerAutoConfiguration, org.springframework.boot.autoconfigure.web.reactive.HttpHandlerAutoConfiguration$AnnotationConfig, org.springframework.boot.autoconfigure.web.reactive.ReactiveMultipartAutoConfiguration, org.springframework.boot.autoconfigure.web.reactive.ReactiveWebServerFactoryAutoConfiguration, org.springframework.boot.autoconfigure.web.reactive.ReactiveWebServerFactoryConfiguration$EmbeddedNetty, org.springframework.boot.autoconfigure.web.reactive.WebFluxAutoConfiguration, org.springframework.boot.autoconfigure.web.reactive.WebFluxAutoConfiguration$EnableWebFluxConfiguration, org.springframework.boot.autoconfigure.web.reactive.WebFluxAutoConfiguration$WebFluxConfig, org.springframework.boot.autoconfigure.web.reactive.WebFluxAutoConfiguration$WelcomePageConfiguration, org.springframework.boot.autoconfigure.web.reactive.WebSessionIdResolverAutoConfiguration, org.springframework.boot.autoconfigure.web.reactive.error.ErrorWebFluxAutoConfiguration, org.springframework.boot.autoconfigure.web.reactive.function.client.ClientHttpConnectorAutoConfiguration, org.springframework.boot.autoconfigure.web.reactive.function.client.ClientHttpConnectorFactoryConfiguration$ReactorNetty, org.springframework.boot.autoconfigure.web.reactive.function.client.WebClientAutoConfiguration, org.springframework.boot.autoconfigure.web.reactive.function.client.WebClientAutoConfiguration$WebClientCodecsConfiguration, org.springframework.boot.context.internalConfigurationPropertiesBinder, org.springframework.boot.context.properties.BoundConfigurationProperties, org.springframework.boot.context.properties.ConfigurationPropertiesBindingPostProcessor, org.springframework.boot.context.properties.EnableConfigurationPropertiesRegistrar.methodValidationExcludeFilter, org.springframework.boot.sql.init.dependency.DatabaseInitializationDependencyConfigurer$DependsOnDatabaseInitializationPostProcessor, org.springframework.boot.test.mock.mockito.MockitoPostProcessor, org.springframework.boot.test.mock.mockito.MockitoPostProcessor$SpyPostProcessor, org.springframework.cloud.autoconfigure.ConfigurationPropertiesRebinderAutoConfiguration, org.springframework.cloud.autoconfigure.LifecycleMvcEndpointAutoConfiguration, org.springframework.cloud.autoconfigure.RefreshAutoConfiguration, org.springframework.cloud.autoconfigure.RefreshAutoConfiguration$RefreshScopeBeanDefinitionEnhancer, org.springframework.cloud.client.CommonsClientAutoConfiguration, org.springframework.cloud.client.ReactiveCommonsClientAutoConfiguration, org.springframework.cloud.client.discovery.composite.CompositeDiscoveryClientAutoConfiguration, org.springframework.cloud.client.discovery.composite.reactive.ReactiveCompositeDiscoveryClientAutoConfiguration, org.springframework.cloud.client.discovery.simple.SimpleDiscoveryClientAutoConfiguration, org.springframework.cloud.client.discovery.simple.reactive.SimpleReactiveDiscoveryClientAutoConfiguration, org.springframework.cloud.client.loadbalancer.LoadBalancerDefaultMappingsProviderAutoConfiguration, org.springframework.cloud.client.serviceregistry.AutoServiceRegistrationAutoConfiguration, org.springframework.cloud.client.serviceregistry.AutoServiceRegistrationConfiguration, org.springframework.cloud.client.serviceregistry.ServiceRegistryAutoConfiguration, org.springframework.cloud.commons.config.CommonsConfigAutoConfiguration, org.springframework.cloud.commons.util.UtilAutoConfiguration, org.springframework.cloud.configuration.CompatibilityVerifierAutoConfiguration, org.springframework.cloud.gateway.config.GatewayAutoConfiguration, org.springframework.cloud.gateway.config.GatewayAutoConfiguration$NettyConfiguration, org.springframework.cloud.gateway.config.GatewayClassPathWarningAutoConfiguration, org.springframework.cloud.gateway.config.GatewayNoLoadBalancerClientAutoConfiguration, org.springframework.cloud.gateway.discovery.GatewayDiscoveryClientAutoConfiguration, org.springframework.cloud.gateway.discovery.GatewayDiscoveryClientAutoConfiguration$ReactiveDiscoveryClientRouteDefinitionLocatorConfiguration, org.springframework.context.annotation.internalAutowiredAnnotationProcessor, org.springframework.context.annotation.internalCommonAnnotationProcessor, org.springframework.context.annotation.internalConfigurationAnnotationProcessor, org.springframework.context.event.internalEventListenerFactory, org.springframework.context.event.internalEventListenerProcessor, org.springframework.security.config.annotation.web.reactive.HttpSecurityConfiguration.httpSecurity, org.springframework.security.config.annotation.web.reactive.ServerHttpSecurityConfiguration, org.springframework.security.config.annotation.web.reactive.WebFluxSecurityConfiguration, org.springframework.security.config.annotation.web.reactive.WebFluxSecurityConfiguration.WebFilterChainFilter, parameterNamesModule, pathRoutePredicateFactory, prefixPathGatewayFilterFactory, preserveHostHeaderGatewayFilterFactory, propertiesRouteDefinitionLocator, propertySourcesPlaceholderConfigurer, queryRoutePredicateFactory, reactiveCompositeDiscoveryClient, reactiveCurrentSecurityContextArgumentResolver, reactiveWebServerFactoryCustomizer, reactorClientHttpConnectorFactory, reactorNettyRequestUpgradeStrategy, reactorNettyWebSocketClient, reactorResourceFactory, readBodyPredicateFactory, redirectToGatewayFilterFactory, refreshEventListener, refreshScope, refreshScopeLifecycle, remoteAddrRoutePredicateFactory, removeCachedBodyFilter, removeHopByHopHeadersFilter, removeJsonAttributesResponseBodyGatewayFilterFactory, removeRequestHeaderGatewayFilterFactory, removeRequestParameterGatewayFilterFactory, removeResponseHeaderGatewayFilterFactory, requestDataValueProcessor, requestHeaderSizeGatewayFilterFactory, requestHeaderToRequestUriGatewayFilterFactory, requestMappingHandlerAdapter, requestMappingHandlerMapping, requestSizeGatewayFilterFactory, resourceHandlerMapping, resourceUrlProvider, responseBodyResultHandler, responseEntityResultHandler, responseStatusExceptionHandler, retryGatewayFilterFactory, rewriteLocationResponseHeaderGatewayFilterFactory, rewritePathGatewayFilterFactory, rewriteRequestParameterGatewayFilterFactory, rewriteResponseHeaderGatewayFilterFactory, routeDefinitionLocator, routeDefinitionRouteLocator, routeLocatorBuilder, routePredicateHandlerMapping, routeRefreshListener, routeToRequestUrlFilter, routerFunctionMapping, routingFilter, saveSessionGatewayFilterFactory, secureHeadersGatewayFilterFactory, secureHeadersProperties, securityConfig, securityWebFilterChain, server-org.springframework.boot.autoconfigure.web.ServerProperties, serverCodecConfigurer, serverResponseResultHandler, setPathGatewayFilterFactory, setRequestHeaderGatewayFilterFactory, setRequestHostHeaderGatewayFilterFactory, setResponseHeaderGatewayFilterFactory, setStatusGatewayFilterFactory, simpleAsyncTaskExecutorBuilder, simpleAsyncTaskSchedulerBuilder, simpleDiscoveryClient, simpleDiscoveryProperties, simpleHandlerAdapter, simpleReactiveDiscoveryClient, simpleReactiveDiscoveryProperties, sleuthPresentVerifier, spring.cloud.compatibility-verifier-org.springframework.cloud.configuration.CompatibilityVerifierProperties, spring.cloud.discovery.client.health-indicator-org.springframework.cloud.client.discovery.health.DiscoveryClientHealthIndicatorProperties, spring.cloud.gateway.loadbalancer-org.springframework.cloud.gateway.config.GatewayLoadBalancerProperties, spring.cloud.refresh-org.springframework.cloud.autoconfigure.RefreshAutoConfiguration$RefreshProperties, spring.cloud.service-registry.auto-registration-org.springframework.cloud.client.serviceregistry.AutoServiceRegistrationProperties, spring.codec-org.springframework.boot.autoconfigure.codec.CodecProperties, spring.info-org.springframework.boot.autoconfigure.info.ProjectInfoProperties, spring.jackson-org.springframework.boot.autoconfigure.jackson.JacksonProperties, spring.lifecycle-org.springframework.boot.autoconfigure.context.LifecycleProperties, spring.netty-org.springframework.boot.autoconfigure.netty.NettyProperties, spring.reactor-org.springframework.boot.autoconfigure.reactor.ReactorProperties, spring.reactor.netty-org.springframework.boot.autoconfigure.reactor.netty.ReactorNettyProperties, spring.security-org.springframework.boot.autoconfigure.security.SecurityProperties, spring.security.oauth2.resourceserver-org.springframework.boot.autoconfigure.security.oauth2.resource.OAuth2ResourceServerProperties, spring.sql.init-org.springframework.boot.autoconfigure.sql.init.SqlInitializationProperties, spring.ssl-org.springframework.boot.autoconfigure.ssl.SslProperties, spring.task.execution-org.springframework.boot.autoconfigure.task.TaskExecutionProperties, spring.task.scheduling-org.springframework.boot.autoconfigure.task.TaskSchedulingProperties, spring.web-org.springframework.boot.autoconfigure.web.WebProperties, spring.webflux-org.springframework.boot.autoconfigure.web.reactive.WebFluxProperties, spring.webflux.multipart-org.springframework.boot.autoconfigure.web.reactive.ReactiveMultipartProperties, springBootVersionVerifier, sslBundleRegistry, sslPropertiesSslBundleRegistrar, standardJacksonObjectMapperBuilderCustomizer, stringToZonedDateTimeConverter, stripPrefixGatewayFilterFactory, taskExecutorBuilder, taskSchedulerBuilder, threadPoolTaskExecutorBuilder, threadPoolTaskSchedulerBuilder, transferEncodingNormalizationHeadersFilter, viewResolutionResultHandler, webClientBuilder, webClientHttpConnector, webClientHttpConnectorCustomizer, webClientSsl, webFluxAdapterRegistry, webFluxContentTypeResolver, webFluxConversionService, webFluxValidator, webFluxWebSocketHandlerAdapter, webHandler, webServerFactoryCustomizerBeanPostProcessor, webSessionIdResolver, webSessionManager, webSocketService, websocketRoutingFilter, weightCalculatorWebFilter, weightRoutePredicateFactory, welcomePageRouterFunctionMapping, xForwardedHeadersFilter, xForwardedRemoteAddrRoutePredicateFactory]
2024-11-08T17:16:55.203+09:00  INFO 23248 --- [gateway] [    Test worker] o.s.cloud.context.scope.GenericScope     : BeanFactory id=02a047f6-8de2-368e-9eb6-b76bc389399f
2024-11-08T17:16:55.203+09:00 DEBUG 23248 --- [gateway] [    Test worker] o.s.b.f.s.DefaultListableBeanFactory     : Creating shared instance of singleton bean 'propertySourcesPlaceholderConfigurer'
2024-11-08T17:16:55.208+09:00 DEBUG 23248 --- [gateway] [    Test worker] o.s.b.f.s.DefaultListableBeanFactory     : Creating shared instance of singleton bean 'org.springframework.boot.test.mock.mockito.MockitoPostProcessor'
2024-11-08T17:16:55.214+09:00 DEBUG 23248 --- [gateway] [    Test worker] o.s.b.f.s.DefaultListableBeanFactory     : Creating shared instance of singleton bean 'org.springframework.boot.sql.init.dependency.DatabaseInitializationDependencyConfigurer$DependsOnDatabaseInitializationPostProcessor'
2024-11-08T17:16:55.234+09:00 DEBUG 23248 --- [gateway] [    Test worker] o.s.b.f.s.DefaultListableBeanFactory     : Creating shared instance of singleton bean 'org.springframework.context.event.internalEventListenerProcessor'
2024-11-08T17:16:55.235+09:00 DEBUG 23248 --- [gateway] [    Test worker] o.s.b.f.s.DefaultListableBeanFactory     : Creating shared instance of singleton bean 'conversionServicePostProcessor'
2024-11-08T17:16:55.239+09:00 DEBUG 23248 --- [gateway] [    Test worker] o.s.b.f.s.DefaultListableBeanFactory     : Creating shared instance of singleton bean 'forceAutoProxyCreatorToUseClassProxying'
2024-11-08T17:16:55.240+09:00 DEBUG 23248 --- [gateway] [    Test worker] o.s.b.f.s.DefaultListableBeanFactory     : Creating shared instance of singleton bean 'org.springframework.context.event.internalEventListenerFactory'
2024-11-08T17:16:55.245+09:00 DEBUG 23248 --- [gateway] [    Test worker] o.s.b.f.s.DefaultListableBeanFactory     : Creating shared instance of singleton bean 'org.springframework.boot.test.mock.mockito.MockitoPostProcessor$SpyPostProcessor'
2024-11-08T17:16:55.246+09:00 DEBUG 23248 --- [gateway] [    Test worker] o.s.b.f.s.DefaultListableBeanFactory     : Creating shared instance of singleton bean 'org.springframework.context.annotation.internalAutowiredAnnotationProcessor'
2024-11-08T17:16:55.247+09:00 DEBUG 23248 --- [gateway] [    Test worker] o.s.b.f.s.DefaultListableBeanFactory     : Creating shared instance of singleton bean 'org.springframework.context.annotation.internalCommonAnnotationProcessor'
2024-11-08T17:16:55.251+09:00 DEBUG 23248 --- [gateway] [    Test worker] o.s.b.f.s.DefaultListableBeanFactory     : Creating shared instance of singleton bean 'org.springframework.boot.context.properties.ConfigurationPropertiesBindingPostProcessor'
2024-11-08T17:16:55.251+09:00 DEBUG 23248 --- [gateway] [    Test worker] o.s.b.f.s.DefaultListableBeanFactory     : Creating shared instance of singleton bean 'org.springframework.boot.context.internalConfigurationPropertiesBinder'
2024-11-08T17:16:55.253+09:00 DEBUG 23248 --- [gateway] [    Test worker] o.s.b.f.s.DefaultListableBeanFactory     : Creating shared instance of singleton bean 'methodValidationPostProcessor'
2024-11-08T17:16:55.257+09:00 DEBUG 23248 --- [gateway] [    Test worker] o.s.b.f.s.DefaultListableBeanFactory     : Autowiring by type from bean name 'methodValidationPostProcessor' via factory method to bean named 'environment'
2024-11-08T17:16:55.258+09:00 DEBUG 23248 --- [gateway] [    Test worker] o.s.b.f.s.DefaultListableBeanFactory     : Creating shared instance of singleton bean 'org.springframework.boot.context.properties.EnableConfigurationPropertiesRegistrar.methodValidationExcludeFilter'
2024-11-08T17:16:55.272+09:00 DEBUG 23248 --- [gateway] [    Test worker] o.s.b.f.s.DefaultListableBeanFactory     : Creating shared instance of singleton bean 'org.springframework.aop.config.internalAutoProxyCreator'
2024-11-08T17:16:55.277+09:00 DEBUG 23248 --- [gateway] [    Test worker] o.s.b.f.s.DefaultListableBeanFactory     : Creating shared instance of singleton bean 'webServerFactoryCustomizerBeanPostProcessor'
2024-11-08T17:16:55.278+09:00 DEBUG 23248 --- [gateway] [    Test worker] o.s.b.f.s.DefaultListableBeanFactory     : Creating shared instance of singleton bean 'configurationPropertiesBeans'
2024-11-08T17:16:55.282+09:00 DEBUG 23248 --- [gateway] [    Test worker] o.s.b.f.s.DefaultListableBeanFactory     : Creating shared instance of singleton bean 'gatewayApplication'
2024-11-08T17:16:55.283+09:00 DEBUG 23248 --- [gateway] [    Test worker] o.s.b.f.s.DefaultListableBeanFactory     : Creating shared instance of singleton bean 'authConfig'
2024-11-08T17:16:55.284+09:00 DEBUG 23248 --- [gateway] [    Test worker] o.s.b.f.s.DefaultListableBeanFactory     : Creating shared instance of singleton bean 'corsConfig'
2024-11-08T17:16:55.284+09:00 DEBUG 23248 --- [gateway] [    Test worker] o.s.b.f.s.DefaultListableBeanFactory     : Creating shared instance of singleton bean 'securityConfig'
2024-11-08T17:16:55.284+09:00 DEBUG 23248 --- [gateway] [    Test worker] o.s.b.f.s.DefaultListableBeanFactory     : Creating shared instance of singleton bean 'jwtAuthenticationFilter'
2024-11-08T17:16:55.286+09:00 DEBUG 23248 --- [gateway] [    Test worker] o.s.b.f.s.DefaultListableBeanFactory     : Creating shared instance of singleton bean 'jwtUtil'
2024-11-08T17:16:55.288+09:00 DEBUG 23248 --- [gateway] [    Test worker] ySourcesPropertyResolver$DefaultResolver : Found key 'JWT_SECRET_KEY' in PropertySource 'Config resource 'class path resource [application-key.properties]' via location 'classpath:application-key.properties'' with value of type String
2024-11-08T17:16:55.288+09:00 DEBUG 23248 --- [gateway] [    Test worker] o.s.c.e.PropertySourcesPropertyResolver  : Found key 'jwt.secret' in PropertySource 'environmentProperties' with value of type String
2024-11-08T17:16:55.289+09:00 DEBUG 23248 --- [gateway] [    Test worker] ySourcesPropertyResolver$DefaultResolver : Found key 'JWT_EXPIRATION' in PropertySource 'Config resource 'class path resource [application-key.properties]' via location 'classpath:application-key.properties'' with value of type String
2024-11-08T17:16:55.289+09:00 DEBUG 23248 --- [gateway] [    Test worker] o.s.c.e.PropertySourcesPropertyResolver  : Found key 'jwt.expiration' in PropertySource 'environmentProperties' with value of type String
2024-11-08T17:16:55.290+09:00 DEBUG 23248 --- [gateway] [    Test worker] o.s.b.f.s.DefaultListableBeanFactory     : Creating shared instance of singleton bean 'authenticationManager'
2024-11-08T17:16:55.291+09:00 DEBUG 23248 --- [gateway] [    Test worker] o.s.b.f.s.DefaultListableBeanFactory     : Autowiring by type from bean name 'jwtAuthenticationFilter' via constructor to bean named 'jwtUtil'
2024-11-08T17:16:55.291+09:00 DEBUG 23248 --- [gateway] [    Test worker] o.s.b.f.s.DefaultListableBeanFactory     : Autowiring by type from bean name 'jwtAuthenticationFilter' via constructor to bean named 'authenticationManager'
2024-11-08T17:16:55.293+09:00 DEBUG 23248 --- [gateway] [    Test worker] o.s.b.f.s.DefaultListableBeanFactory     : Creating shared instance of singleton bean 'corsWebFilter'
2024-11-08T17:16:55.300+09:00 DEBUG 23248 --- [gateway] [    Test worker] o.s.b.f.s.DefaultListableBeanFactory     : Creating shared instance of singleton bean 'org.springframework.security.config.annotation.web.reactive.ServerHttpSecurityConfiguration'
2024-11-08T17:16:55.364+09:00 DEBUG 23248 --- [gateway] [    Test worker] o.s.b.f.s.DefaultListableBeanFactory     : Creating shared instance of singleton bean 'webFluxAdapterRegistry'
2024-11-08T17:16:55.364+09:00 DEBUG 23248 --- [gateway] [    Test worker] o.s.b.f.s.DefaultListableBeanFactory     : Creating shared instance of singleton bean 'org.springframework.boot.autoconfigure.web.reactive.WebFluxAutoConfiguration$EnableWebFluxConfiguration'
2024-11-08T17:16:55.365+09:00 DEBUG 23248 --- [gateway] [    Test worker] o.s.b.f.s.DefaultListableBeanFactory     : Creating shared instance of singleton bean 'spring.webflux-org.springframework.boot.autoconfigure.web.reactive.WebFluxProperties'
2024-11-08T17:16:55.366+09:00 DEBUG 23248 --- [gateway] [    Test worker] o.s.b.f.s.DefaultListableBeanFactory     : Creating shared instance of singleton bean 'org.springframework.boot.context.properties.BoundConfigurationProperties'
2024-11-08T17:16:55.367+09:00 DEBUG 23248 --- [gateway] [    Test worker] o.s.b.f.s.DefaultListableBeanFactory     : Creating shared instance of singleton bean 'defaultsBindHandlerAdvisor'
2024-11-08T17:16:55.367+09:00 DEBUG 23248 --- [gateway] [    Test worker] o.s.b.f.s.DefaultListableBeanFactory     : Creating shared instance of singleton bean 'org.springframework.cloud.commons.config.CommonsConfigAutoConfiguration'
2024-11-08T17:16:55.368+09:00 DEBUG 23248 --- [gateway] [    Test worker] o.s.b.f.s.DefaultListableBeanFactory     : Creating shared instance of singleton bean 'loadBalancerClientsDefaultsMappingsProvider'
2024-11-08T17:16:55.368+09:00 DEBUG 23248 --- [gateway] [    Test worker] o.s.b.f.s.DefaultListableBeanFactory     : Creating shared instance of singleton bean 'org.springframework.cloud.client.loadbalancer.LoadBalancerDefaultMappingsProviderAutoConfiguration'
2024-11-08T17:16:55.369+09:00 DEBUG 23248 --- [gateway] [    Test worker] o.s.b.f.s.DefaultListableBeanFactory     : Autowiring by type from bean name 'defaultsBindHandlerAdvisor' via factory method to bean named 'loadBalancerClientsDefaultsMappingsProvider'
2024-11-08T17:16:55.374+09:00 DEBUG 23248 --- [gateway] [    Test worker] o.s.b.f.s.DefaultListableBeanFactory     : Creating shared instance of singleton bean 'spring.web-org.springframework.boot.autoconfigure.web.WebProperties'
2024-11-08T17:16:55.377+09:00 DEBUG 23248 --- [gateway] [    Test worker] o.s.b.f.s.DefaultListableBeanFactory     : Creating shared instance of singleton bean 'server-org.springframework.boot.autoconfigure.web.ServerProperties'
2024-11-08T17:16:55.385+09:00 DEBUG 23248 --- [gateway] [    Test worker] o.s.b.f.s.DefaultListableBeanFactory     : Autowiring by type from bean name 'org.springframework.boot.autoconfigure.web.reactive.WebFluxAutoConfiguration$EnableWebFluxConfiguration' via constructor to bean named 'spring.webflux-org.springframework.boot.autoconfigure.web.reactive.WebFluxProperties'
2024-11-08T17:16:55.385+09:00 DEBUG 23248 --- [gateway] [    Test worker] o.s.b.f.s.DefaultListableBeanFactory     : Autowiring by type from bean name 'org.springframework.boot.autoconfigure.web.reactive.WebFluxAutoConfiguration$EnableWebFluxConfiguration' via constructor to bean named 'spring.web-org.springframework.boot.autoconfigure.web.WebProperties'
2024-11-08T17:16:55.385+09:00 DEBUG 23248 --- [gateway] [    Test worker] o.s.b.f.s.DefaultListableBeanFactory     : Autowiring by type from bean name 'org.springframework.boot.autoconfigure.web.reactive.WebFluxAutoConfiguration$EnableWebFluxConfiguration' via constructor to bean named 'server-org.springframework.boot.autoconfigure.web.ServerProperties'
2024-11-08T17:16:55.387+09:00 DEBUG 23248 --- [gateway] [    Test worker] o.s.b.f.s.DefaultListableBeanFactory     : Creating shared instance of singleton bean 'authenticationPrincipalArgumentResolverConfigurer'
2024-11-08T17:16:55.388+09:00 DEBUG 23248 --- [gateway] [    Test worker] o.s.b.f.s.DefaultListableBeanFactory     : Creating shared instance of singleton bean 'org.springframework.boot.autoconfigure.web.reactive.WebFluxAutoConfiguration$WebFluxConfig'
2024-11-08T17:16:55.389+09:00 DEBUG 23248 --- [gateway] [    Test worker] o.s.b.f.s.DefaultListableBeanFactory     : Autowiring by type from bean name 'org.springframework.boot.autoconfigure.web.reactive.WebFluxAutoConfiguration$WebFluxConfig' via constructor to bean named 'environment'
2024-11-08T17:16:55.389+09:00 DEBUG 23248 --- [gateway] [    Test worker] o.s.b.f.s.DefaultListableBeanFactory     : Autowiring by type from bean name 'org.springframework.boot.autoconfigure.web.reactive.WebFluxAutoConfiguration$WebFluxConfig' via constructor to bean named 'spring.web-org.springframework.boot.autoconfigure.web.WebProperties'
2024-11-08T17:16:55.389+09:00 DEBUG 23248 --- [gateway] [    Test worker] o.s.b.f.s.DefaultListableBeanFactory     : Autowiring by type from bean name 'org.springframework.boot.autoconfigure.web.reactive.WebFluxAutoConfiguration$WebFluxConfig' via constructor to bean named 'spring.webflux-org.springframework.boot.autoconfigure.web.reactive.WebFluxProperties'
2024-11-08T17:16:55.389+09:00 DEBUG 23248 --- [gateway] [    Test worker] o.s.b.f.s.DefaultListableBeanFactory     : Autowiring by type from bean name 'org.springframework.boot.autoconfigure.web.reactive.WebFluxAutoConfiguration$WebFluxConfig' via constructor to bean named 'org.springframework.beans.factory.support.DefaultListableBeanFactory@592238c5'
2024-11-08T17:16:55.392+09:00 DEBUG 23248 --- [gateway] [    Test worker] o.s.b.f.s.DefaultListableBeanFactory     : Creating shared instance of singleton bean 'authenticationPrincipalArgumentResolver'
2024-11-08T17:16:55.393+09:00 DEBUG 23248 --- [gateway] [    Test worker] o.s.b.f.s.DefaultListableBeanFactory     : Creating shared instance of singleton bean 'reactiveCurrentSecurityContextArgumentResolver'
2024-11-08T17:16:55.394+09:00 DEBUG 23248 --- [gateway] [    Test worker] o.s.b.f.s.DefaultListableBeanFactory     : Creating shared instance of singleton bean 'org.springframework.security.config.annotation.web.reactive.WebFluxSecurityConfiguration'
2024-11-08T17:16:55.395+09:00 DEBUG 23248 --- [gateway] [    Test worker] o.s.b.f.s.DefaultListableBeanFactory     : Creating shared instance of singleton bean 'securityWebFilterChain'
2024-11-08T17:16:55.419+09:00 DEBUG 23248 --- [gateway] [    Test worker] o.s.b.f.s.DefaultListableBeanFactory     : Autowiring by type from bean name 'securityWebFilterChain' via factory method to bean named 'org.springframework.security.config.annotation.web.reactive.HttpSecurityConfiguration.httpSecurity'
2024-11-08T17:16:55.420+09:00 DEBUG 23248 --- [gateway] [    Test worker] o.s.b.f.s.DefaultListableBeanFactory     : Creating shared instance of singleton bean 'requestMappingHandlerMapping'
2024-11-08T17:16:55.422+09:00 DEBUG 23248 --- [gateway] [    Test worker] o.s.b.f.s.DefaultListableBeanFactory     : Creating shared instance of singleton bean 'webFluxContentTypeResolver'
2024-11-08T17:16:55.424+09:00 DEBUG 23248 --- [gateway] [    Test worker] o.s.b.f.s.DefaultListableBeanFactory     : Autowiring by type from bean name 'requestMappingHandlerMapping' via factory method to bean named 'webFluxContentTypeResolver'
2024-11-08T17:16:55.443+09:00 DEBUG 23248 --- [gateway] [    Test worker] o.s.b.f.s.DefaultListableBeanFactory     : Creating shared instance of singleton bean 'org.springframework.security.config.annotation.web.reactive.WebFluxSecurityConfiguration.WebFilterChainFilter'
2024-11-08T17:16:55.446+09:00 DEBUG 23248 --- [gateway] [    Test worker] o.s.b.f.s.DefaultListableBeanFactory     : Creating shared instance of singleton bean 'requestDataValueProcessor'
2024-11-08T17:16:55.447+09:00 DEBUG 23248 --- [gateway] [    Test worker] o.s.b.f.s.DefaultListableBeanFactory     : Creating shared instance of singleton bean 'org.springframework.boot.autoconfigure.AutoConfigurationPackages'
2024-11-08T17:16:55.447+09:00 DEBUG 23248 --- [gateway] [    Test worker] o.s.b.f.s.DefaultListableBeanFactory     : Creating shared instance of singleton bean 'org.springframework.boot.autoconfigure.context.PropertyPlaceholderAutoConfiguration'
2024-11-08T17:16:55.448+09:00 DEBUG 23248 --- [gateway] [    Test worker] o.s.b.f.s.DefaultListableBeanFactory     : Creating shared instance of singleton bean 'org.springframework.boot.autoconfigure.reactor.netty.ReactorNettyConfigurations$ReactorResourceFactoryConfiguration'
2024-11-08T17:16:55.448+09:00 DEBUG 23248 --- [gateway] [    Test worker] o.s.b.f.s.DefaultListableBeanFactory     : Creating shared instance of singleton bean 'reactorResourceFactory'
2024-11-08T17:16:55.448+09:00 DEBUG 23248 --- [gateway] [    Test worker] o.s.b.f.s.DefaultListableBeanFactory     : Creating shared instance of singleton bean 'spring.reactor.netty-org.springframework.boot.autoconfigure.reactor.netty.ReactorNettyProperties'
2024-11-08T17:16:55.449+09:00 DEBUG 23248 --- [gateway] [    Test worker] o.s.b.f.s.DefaultListableBeanFactory     : Autowiring by type from bean name 'reactorResourceFactory' via factory method to bean named 'spring.reactor.netty-org.springframework.boot.autoconfigure.reactor.netty.ReactorNettyProperties'
2024-11-08T17:16:55.452+09:00 DEBUG 23248 --- [gateway] [    Test worker] o.s.b.f.s.DefaultListableBeanFactory     : Creating shared instance of singleton bean 'org.springframework.boot.autoconfigure.web.reactive.ReactiveWebServerFactoryConfiguration$EmbeddedNetty'
2024-11-08T17:16:55.453+09:00 DEBUG 23248 --- [gateway] [    Test worker] o.s.b.f.s.DefaultListableBeanFactory     : Creating shared instance of singleton bean 'nettyReactiveWebServerFactory'
2024-11-08T17:16:55.453+09:00 DEBUG 23248 --- [gateway] [    Test worker] o.s.b.f.s.DefaultListableBeanFactory     : Autowiring by type from bean name 'nettyReactiveWebServerFactory' via factory method to bean named 'reactorResourceFactory'
2024-11-08T17:16:55.457+09:00 DEBUG 23248 --- [gateway] [    Test worker] o.s.b.f.s.DefaultListableBeanFactory     : Creating shared instance of singleton bean 'reactiveWebServerFactoryCustomizer'
2024-11-08T17:16:55.457+09:00 DEBUG 23248 --- [gateway] [    Test worker] o.s.b.f.s.DefaultListableBeanFactory     : Creating shared instance of singleton bean 'org.springframework.boot.autoconfigure.web.reactive.ReactiveWebServerFactoryAutoConfiguration'
2024-11-08T17:16:55.457+09:00 DEBUG 23248 --- [gateway] [    Test worker] o.s.b.f.s.DefaultListableBeanFactory     : Autowiring by type from bean name 'reactiveWebServerFactoryCustomizer' via factory method to bean named 'server-org.springframework.boot.autoconfigure.web.ServerProperties'
2024-11-08T17:16:55.458+09:00 DEBUG 23248 --- [gateway] [    Test worker] o.s.b.f.s.DefaultListableBeanFactory     : Creating shared instance of singleton bean 'sslBundleRegistry'
2024-11-08T17:16:55.458+09:00 DEBUG 23248 --- [gateway] [    Test worker] o.s.b.f.s.DefaultListableBeanFactory     : Creating shared instance of singleton bean 'org.springframework.boot.autoconfigure.ssl.SslAutoConfiguration'
2024-11-08T17:16:55.459+09:00 DEBUG 23248 --- [gateway] [    Test worker] o.s.b.f.s.DefaultListableBeanFactory     : Creating shared instance of singleton bean 'spring.ssl-org.springframework.boot.autoconfigure.ssl.SslProperties'
2024-11-08T17:16:55.460+09:00 DEBUG 23248 --- [gateway] [    Test worker] o.s.b.f.s.DefaultListableBeanFactory     : Autowiring by type from bean name 'org.springframework.boot.autoconfigure.ssl.SslAutoConfiguration' via constructor to bean named 'org.springframework.boot.web.reactive.context.GenericReactiveWebApplicationContext@4af46df3'
2024-11-08T17:16:55.460+09:00 DEBUG 23248 --- [gateway] [    Test worker] o.s.b.f.s.DefaultListableBeanFactory     : Autowiring by type from bean name 'org.springframework.boot.autoconfigure.ssl.SslAutoConfiguration' via constructor to bean named 'spring.ssl-org.springframework.boot.autoconfigure.ssl.SslProperties'
2024-11-08T17:16:55.462+09:00 DEBUG 23248 --- [gateway] [    Test worker] o.s.b.f.s.DefaultListableBeanFactory     : Creating shared instance of singleton bean 'sslPropertiesSslBundleRegistrar'
2024-11-08T17:16:55.462+09:00 DEBUG 23248 --- [gateway] [    Test worker] o.s.b.f.s.DefaultListableBeanFactory     : Creating shared instance of singleton bean 'fileWatcher'
2024-11-08T17:16:55.463+09:00 DEBUG 23248 --- [gateway] [    Test worker] o.s.b.f.s.DefaultListableBeanFactory     : Autowiring by type from bean name 'sslPropertiesSslBundleRegistrar' via factory method to bean named 'fileWatcher'
2024-11-08T17:16:55.467+09:00 DEBUG 23248 --- [gateway] [    Test worker] o.s.b.f.s.DefaultListableBeanFactory     : Creating shared instance of singleton bean 'nettyWebServerFactoryCustomizer'
2024-11-08T17:16:55.467+09:00 DEBUG 23248 --- [gateway] [    Test worker] o.s.b.f.s.DefaultListableBeanFactory     : Creating shared instance of singleton bean 'org.springframework.boot.autoconfigure.web.embedded.EmbeddedWebServerFactoryCustomizerAutoConfiguration$NettyWebServerFactoryCustomizerConfiguration'
2024-11-08T17:16:55.467+09:00 DEBUG 23248 --- [gateway] [    Test worker] o.s.b.f.s.DefaultListableBeanFactory     : Autowiring by type from bean name 'nettyWebServerFactoryCustomizer' via factory method to bean named 'environment'
2024-11-08T17:16:55.467+09:00 DEBUG 23248 --- [gateway] [    Test worker] o.s.b.f.s.DefaultListableBeanFactory     : Autowiring by type from bean name 'nettyWebServerFactoryCustomizer' via factory method to bean named 'server-org.springframework.boot.autoconfigure.web.ServerProperties'
2024-11-08T17:16:55.476+09:00 DEBUG 23248 --- [gateway] [    Test worker] o.s.b.f.s.DefaultListableBeanFactory     : Creating shared instance of singleton bean 'org.springframework.boot.autoconfigure.jackson.JacksonAutoConfiguration$Jackson2ObjectMapperBuilderCustomizerConfiguration'
2024-11-08T17:16:55.477+09:00 DEBUG 23248 --- [gateway] [    Test worker] o.s.b.f.s.DefaultListableBeanFactory     : Creating shared instance of singleton bean 'standardJacksonObjectMapperBuilderCustomizer'
2024-11-08T17:16:55.477+09:00 DEBUG 23248 --- [gateway] [    Test worker] o.s.b.f.s.DefaultListableBeanFactory     : Creating shared instance of singleton bean 'spring.jackson-org.springframework.boot.autoconfigure.jackson.JacksonProperties'
2024-11-08T17:16:55.479+09:00 DEBUG 23248 --- [gateway] [    Test worker] o.s.b.f.s.DefaultListableBeanFactory     : Autowiring by type from bean name 'standardJacksonObjectMapperBuilderCustomizer' via factory method to bean named 'spring.jackson-org.springframework.boot.autoconfigure.jackson.JacksonProperties'
2024-11-08T17:16:55.480+09:00 DEBUG 23248 --- [gateway] [    Test worker] o.s.b.f.s.DefaultListableBeanFactory     : Creating shared instance of singleton bean 'parameterNamesModule'
2024-11-08T17:16:55.480+09:00 DEBUG 23248 --- [gateway] [    Test worker] o.s.b.f.s.DefaultListableBeanFactory     : Creating shared instance of singleton bean 'org.springframework.boot.autoconfigure.jackson.JacksonAutoConfiguration$ParameterNamesModuleConfiguration'
2024-11-08T17:16:55.482+09:00 DEBUG 23248 --- [gateway] [    Test worker] o.s.b.f.s.DefaultListableBeanFactory     : Creating shared instance of singleton bean 'jsonMixinModule'
2024-11-08T17:16:55.483+09:00 DEBUG 23248 --- [gateway] [    Test worker] o.s.b.f.s.DefaultListableBeanFactory     : Creating shared instance of singleton bean 'org.springframework.boot.autoconfigure.jackson.JacksonAutoConfiguration$JacksonMixinConfiguration'
2024-11-08T17:16:55.483+09:00 DEBUG 23248 --- [gateway] [    Test worker] o.s.b.f.s.DefaultListableBeanFactory     : Creating shared instance of singleton bean 'jsonMixinModuleEntries'
2024-11-08T17:16:55.483+09:00 DEBUG 23248 --- [gateway] [    Test worker] o.s.b.f.s.DefaultListableBeanFactory     : Autowiring by type from bean name 'jsonMixinModuleEntries' via factory method to bean named 'org.springframework.boot.web.reactive.context.GenericReactiveWebApplicationContext@4af46df3'
2024-11-08T17:16:55.484+09:00 DEBUG 23248 --- [gateway] [    Test worker] o.s.b.a.AutoConfigurationPackages        : @EnableAutoConfiguration was declared on a class in the package 'newbie.gateway.gateway'. Automatic @Repository and @Entity scanning is enabled.
2024-11-08T17:16:55.488+09:00 DEBUG 23248 --- [gateway] [    Test worker] o.s.b.f.s.DefaultListableBeanFactory     : Autowiring by type from bean name 'jsonMixinModule' via factory method to bean named 'org.springframework.boot.web.reactive.context.GenericReactiveWebApplicationContext@4af46df3'
2024-11-08T17:16:55.489+09:00 DEBUG 23248 --- [gateway] [    Test worker] o.s.b.f.s.DefaultListableBeanFactory     : Autowiring by type from bean name 'jsonMixinModule' via factory method to bean named 'jsonMixinModuleEntries'
2024-11-08T17:16:55.490+09:00 DEBUG 23248 --- [gateway] [    Test worker] o.s.b.f.s.DefaultListableBeanFactory     : Creating shared instance of singleton bean 'jsonComponentModule'
2024-11-08T17:16:55.490+09:00 DEBUG 23248 --- [gateway] [    Test worker] o.s.b.f.s.DefaultListableBeanFactory     : Creating shared instance of singleton bean 'org.springframework.boot.autoconfigure.jackson.JacksonAutoConfiguration'
2024-11-08T17:16:55.494+09:00 DEBUG 23248 --- [gateway] [    Test worker] o.s.b.f.s.DefaultListableBeanFactory     : Creating shared instance of singleton bean 'org.springframework.boot.autoconfigure.jackson.JacksonAutoConfiguration$JacksonObjectMapperBuilderConfiguration'
2024-11-08T17:16:55.495+09:00 DEBUG 23248 --- [gateway] [    Test worker] o.s.b.f.s.DefaultListableBeanFactory     : Creating shared instance of singleton bean 'org.springframework.boot.autoconfigure.jackson.JacksonAutoConfiguration$JacksonObjectMapperConfiguration'
2024-11-08T17:16:55.495+09:00 DEBUG 23248 --- [gateway] [    Test worker] o.s.b.f.s.DefaultListableBeanFactory     : Creating shared instance of singleton bean 'jacksonObjectMapper'
2024-11-08T17:16:55.496+09:00 DEBUG 23248 --- [gateway] [    Test worker] o.s.b.f.s.DefaultListableBeanFactory     : Autowiring by type from bean name 'jacksonObjectMapperBuilder' via factory method to bean named 'org.springframework.boot.web.reactive.context.GenericReactiveWebApplicationContext@4af46df3'
2024-11-08T17:16:55.496+09:00 DEBUG 23248 --- [gateway] [    Test worker] o.s.b.f.s.DefaultListableBeanFactory     : Autowiring by type from bean name 'jacksonObjectMapperBuilder' via factory method to bean named 'standardJacksonObjectMapperBuilderCustomizer'
2024-11-08T17:16:55.499+09:00 DEBUG 23248 --- [gateway] [    Test worker] o.s.b.f.s.DefaultListableBeanFactory     : Autowiring by type from bean name 'jacksonObjectMapper' via factory method to bean named 'jacksonObjectMapperBuilder'
2024-11-08T17:16:55.506+09:00 DEBUG 23248 --- [gateway] [    Test worker] o.s.b.f.s.DefaultListableBeanFactory     : Creating shared instance of singleton bean 'org.springframework.boot.autoconfigure.http.codec.CodecsAutoConfiguration$DefaultCodecsConfiguration'
2024-11-08T17:16:55.507+09:00 DEBUG 23248 --- [gateway] [    Test worker] o.s.b.f.s.DefaultListableBeanFactory     : Creating shared instance of singleton bean 'defaultCodecCustomizer'
2024-11-08T17:16:55.508+09:00 DEBUG 23248 --- [gateway] [    Test worker] o.s.b.f.s.DefaultListableBeanFactory     : Creating shared instance of singleton bean 'spring.codec-org.springframework.boot.autoconfigure.codec.CodecProperties'
2024-11-08T17:16:55.509+09:00 DEBUG 23248 --- [gateway] [    Test worker] o.s.b.f.s.DefaultListableBeanFactory     : Autowiring by type from bean name 'defaultCodecCustomizer' via factory method to bean named 'spring.codec-org.springframework.boot.autoconfigure.codec.CodecProperties'
2024-11-08T17:16:55.509+09:00 DEBUG 23248 --- [gateway] [    Test worker] o.s.b.f.s.DefaultListableBeanFactory     : Creating shared instance of singleton bean 'org.springframework.boot.autoconfigure.http.codec.CodecsAutoConfiguration$JacksonCodecConfiguration'
2024-11-08T17:16:55.509+09:00 DEBUG 23248 --- [gateway] [    Test worker] o.s.b.f.s.DefaultListableBeanFactory     : Creating shared instance of singleton bean 'jacksonCodecCustomizer'
2024-11-08T17:16:55.510+09:00 DEBUG 23248 --- [gateway] [    Test worker] o.s.b.f.s.DefaultListableBeanFactory     : Autowiring by type from bean name 'jacksonCodecCustomizer' via factory method to bean named 'jacksonObjectMapper'
2024-11-08T17:16:55.512+09:00 DEBUG 23248 --- [gateway] [    Test worker] o.s.b.f.s.DefaultListableBeanFactory     : Creating shared instance of singleton bean 'org.springframework.boot.autoconfigure.http.codec.CodecsAutoConfiguration'
2024-11-08T17:16:55.512+09:00 DEBUG 23248 --- [gateway] [    Test worker] o.s.b.f.s.DefaultListableBeanFactory     : Creating shared instance of singleton bean 'org.springframework.boot.autoconfigure.validation.ValidationAutoConfiguration'
2024-11-08T17:16:55.513+09:00 DEBUG 23248 --- [gateway] [    Test worker] o.s.b.f.s.DefaultListableBeanFactory     : Creating shared instance of singleton bean 'defaultValidator'
2024-11-08T17:16:55.513+09:00 DEBUG 23248 --- [gateway] [    Test worker] o.s.b.f.s.DefaultListableBeanFactory     : Autowiring by type from bean name 'defaultValidator' via factory method to bean named 'org.springframework.boot.web.reactive.context.GenericReactiveWebApplicationContext@4af46df3'
2024-11-08T17:16:55.523+09:00 DEBUG 23248 --- [gateway] [    Test worker] o.s.b.f.s.DefaultListableBeanFactory     : Creating shared instance of singleton bean 'org.springframework.boot.autoconfigure.web.reactive.ReactiveMultipartAutoConfiguration'
2024-11-08T17:16:55.523+09:00 DEBUG 23248 --- [gateway] [    Test worker] o.s.b.f.s.DefaultListableBeanFactory     : Creating shared instance of singleton bean 'defaultPartHttpMessageReaderCustomizer'
2024-11-08T17:16:55.524+09:00 DEBUG 23248 --- [gateway] [    Test worker] o.s.b.f.s.DefaultListableBeanFactory     : Creating shared instance of singleton bean 'spring.webflux.multipart-org.springframework.boot.autoconfigure.web.reactive.ReactiveMultipartProperties'
2024-11-08T17:16:55.525+09:00 DEBUG 23248 --- [gateway] [    Test worker] o.s.b.f.s.DefaultListableBeanFactory     : Autowiring by type from bean name 'defaultPartHttpMessageReaderCustomizer' via factory method to bean named 'spring.webflux.multipart-org.springframework.boot.autoconfigure.web.reactive.ReactiveMultipartProperties'
2024-11-08T17:16:55.526+09:00 DEBUG 23248 --- [gateway] [    Test worker] o.s.b.f.s.DefaultListableBeanFactory     : Creating shared instance of singleton bean 'org.springframework.boot.autoconfigure.web.reactive.WebSessionIdResolverAutoConfiguration'
2024-11-08T17:16:55.526+09:00 DEBUG 23248 --- [gateway] [    Test worker] o.s.b.f.s.DefaultListableBeanFactory     : Autowiring by type from bean name 'org.springframework.boot.autoconfigure.web.reactive.WebSessionIdResolverAutoConfiguration' via constructor to bean named 'server-org.springframework.boot.autoconfigure.web.ServerProperties'
2024-11-08T17:16:55.526+09:00 DEBUG 23248 --- [gateway] [    Test worker] o.s.b.f.s.DefaultListableBeanFactory     : Autowiring by type from bean name 'org.springframework.boot.autoconfigure.web.reactive.WebSessionIdResolverAutoConfiguration' via constructor to bean named 'spring.webflux-org.springframework.boot.autoconfigure.web.reactive.WebFluxProperties'
2024-11-08T17:16:55.527+09:00 DEBUG 23248 --- [gateway] [    Test worker] o.s.b.f.s.DefaultListableBeanFactory     : Creating shared instance of singleton bean 'webSessionIdResolver'
2024-11-08T17:16:55.528+09:00 DEBUG 23248 --- [gateway] [    Test worker] o.s.b.f.s.DefaultListableBeanFactory     : Creating shared instance of singleton bean 'org.springframework.boot.autoconfigure.web.reactive.error.ErrorWebFluxAutoConfiguration'
2024-11-08T17:16:55.528+09:00 DEBUG 23248 --- [gateway] [    Test worker] o.s.b.f.s.DefaultListableBeanFactory     : Autowiring by type from bean name 'org.springframework.boot.autoconfigure.web.reactive.error.ErrorWebFluxAutoConfiguration' via constructor to bean named 'server-org.springframework.boot.autoconfigure.web.ServerProperties'
2024-11-08T17:16:55.528+09:00 DEBUG 23248 --- [gateway] [    Test worker] o.s.b.f.s.DefaultListableBeanFactory     : Creating shared instance of singleton bean 'errorWebExceptionHandler'
2024-11-08T17:16:55.529+09:00 DEBUG 23248 --- [gateway] [    Test worker] o.s.b.f.s.DefaultListableBeanFactory     : Creating shared instance of singleton bean 'errorAttributes'
2024-11-08T17:16:55.530+09:00 DEBUG 23248 --- [gateway] [    Test worker] o.s.b.f.s.DefaultListableBeanFactory     : Creating shared instance of singleton bean 'serverCodecConfigurer'
2024-11-08T17:16:55.589+09:00 DEBUG 23248 --- [gateway] [    Test worker] o.s.b.f.s.DefaultListableBeanFactory     : Autowiring by type from bean name 'errorWebExceptionHandler' via factory method to bean named 'errorAttributes'
2024-11-08T17:16:55.589+09:00 DEBUG 23248 --- [gateway] [    Test worker] o.s.b.f.s.DefaultListableBeanFactory     : Autowiring by type from bean name 'errorWebExceptionHandler' via factory method to bean named 'spring.web-org.springframework.boot.autoconfigure.web.WebProperties'
2024-11-08T17:16:55.589+09:00 DEBUG 23248 --- [gateway] [    Test worker] o.s.b.f.s.DefaultListableBeanFactory     : Autowiring by type from bean name 'errorWebExceptionHandler' via factory method to bean named 'serverCodecConfigurer'
2024-11-08T17:16:55.589+09:00 DEBUG 23248 --- [gateway] [    Test worker] o.s.b.f.s.DefaultListableBeanFactory     : Autowiring by type from bean name 'errorWebExceptionHandler' via factory method to bean named 'org.springframework.boot.web.reactive.context.GenericReactiveWebApplicationContext@4af46df3'
2024-11-08T17:16:55.597+09:00 DEBUG 23248 --- [gateway] [    Test worker] o.s.b.f.s.DefaultListableBeanFactory     : Creating shared instance of singleton bean 'org.springframework.cloud.gateway.config.GatewayClassPathWarningAutoConfiguration'
2024-11-08T17:16:55.597+09:00 DEBUG 23248 --- [gateway] [    Test worker] o.s.b.f.s.DefaultListableBeanFactory     : Creating shared instance of singleton bean 'org.springframework.cloud.client.discovery.composite.CompositeDiscoveryClientAutoConfiguration'
2024-11-08T17:16:55.598+09:00 DEBUG 23248 --- [gateway] [    Test worker] o.s.b.f.s.DefaultListableBeanFactory     : Creating shared instance of singleton bean 'compositeDiscoveryClient'
2024-11-08T17:16:55.598+09:00 DEBUG 23248 --- [gateway] [    Test worker] o.s.b.f.s.DefaultListableBeanFactory     : Creating shared instance of singleton bean 'simpleDiscoveryClient'
2024-11-08T17:16:55.598+09:00 DEBUG 23248 --- [gateway] [    Test worker] o.s.b.f.s.DefaultListableBeanFactory     : Creating shared instance of singleton bean 'org.springframework.cloud.client.discovery.simple.SimpleDiscoveryClientAutoConfiguration'
2024-11-08T17:16:55.600+09:00 DEBUG 23248 --- [gateway] [    Test worker] o.s.b.f.s.DefaultListableBeanFactory     : Creating shared instance of singleton bean 'inetUtils'
2024-11-08T17:16:55.600+09:00 DEBUG 23248 --- [gateway] [    Test worker] o.s.b.f.s.DefaultListableBeanFactory     : Creating shared instance of singleton bean 'org.springframework.cloud.commons.util.UtilAutoConfiguration'
2024-11-08T17:16:55.601+09:00 DEBUG 23248 --- [gateway] [    Test worker] o.s.b.f.s.DefaultListableBeanFactory     : Creating shared instance of singleton bean 'inetUtilsProperties'
2024-11-08T17:16:55.603+09:00 DEBUG 23248 --- [gateway] [    Test worker] o.s.b.f.s.DefaultListableBeanFactory     : Autowiring by type from bean name 'inetUtils' via factory method to bean named 'inetUtilsProperties'
2024-11-08T17:16:55.603+09:00 DEBUG 23248 --- [gateway] [    Test worker] o.s.b.f.s.DefaultListableBeanFactory     : Creating shared instance of singleton bean 'simpleDiscoveryProperties'
2024-11-08T17:16:55.604+09:00 DEBUG 23248 --- [gateway] [    Test worker] o.s.c.e.PropertySourcesPropertyResolver  : Found key 'spring.application.name' in PropertySource 'environmentProperties' with value of type String
2024-11-08T17:16:55.731+09:00 DEBUG 23248 --- [gateway] [    Test worker] o.s.b.f.s.DefaultListableBeanFactory     : Autowiring by type from bean name 'simpleDiscoveryClient' via factory method to bean named 'simpleDiscoveryProperties'
2024-11-08T17:16:55.732+09:00 DEBUG 23248 --- [gateway] [    Test worker] o.s.b.f.s.DefaultListableBeanFactory     : Autowiring by type from bean name 'compositeDiscoveryClient' via factory method to bean named 'simpleDiscoveryClient'
2024-11-08T17:16:55.734+09:00 DEBUG 23248 --- [gateway] [    Test worker] o.s.b.f.s.DefaultListableBeanFactory     : Creating shared instance of singleton bean 'org.springframework.cloud.gateway.discovery.GatewayDiscoveryClientAutoConfiguration$ReactiveDiscoveryClientRouteDefinitionLocatorConfiguration'
2024-11-08T17:16:55.734+09:00 DEBUG 23248 --- [gateway] [    Test worker] o.s.b.f.s.DefaultListableBeanFactory     : Creating shared instance of singleton bean 'org.springframework.cloud.gateway.discovery.GatewayDiscoveryClientAutoConfiguration'
2024-11-08T17:16:55.735+09:00 DEBUG 23248 --- [gateway] [    Test worker] o.s.b.f.s.DefaultListableBeanFactory     : Creating shared instance of singleton bean 'discoveryLocatorProperties'
2024-11-08T17:16:55.737+09:00 DEBUG 23248 --- [gateway] [    Test worker] o.s.b.f.s.DefaultListableBeanFactory     : Creating shared instance of singleton bean 'org.springframework.cloud.gateway.config.GatewayAutoConfiguration$NettyConfiguration'
2024-11-08T17:16:55.737+09:00 DEBUG 23248 --- [gateway] [    Test worker] o.s.b.f.s.DefaultListableBeanFactory     : Creating shared instance of singleton bean 'httpClientSslConfigurer'
2024-11-08T17:16:55.738+09:00 DEBUG 23248 --- [gateway] [    Test worker] o.s.b.f.s.DefaultListableBeanFactory     : Creating shared instance of singleton bean 'httpClientProperties'
2024-11-08T17:16:55.786+09:00 DEBUG 23248 --- [gateway] [    Test worker] o.s.b.f.s.DefaultListableBeanFactory     : Autowiring by type from bean name 'httpClientSslConfigurer' via factory method to bean named 'server-org.springframework.boot.autoconfigure.web.ServerProperties'
2024-11-08T17:16:55.786+09:00 DEBUG 23248 --- [gateway] [    Test worker] o.s.b.f.s.DefaultListableBeanFactory     : Autowiring by type from bean name 'httpClientSslConfigurer' via factory method to bean named 'httpClientProperties'
2024-11-08T17:16:55.789+09:00 DEBUG 23248 --- [gateway] [    Test worker] o.s.b.f.s.DefaultListableBeanFactory     : Creating shared instance of singleton bean 'gatewayHttpClientFactory'
2024-11-08T17:16:55.790+09:00 DEBUG 23248 --- [gateway] [    Test worker] o.s.b.f.s.DefaultListableBeanFactory     : Autowiring by type from bean name 'gatewayHttpClientFactory' via factory method to bean named 'httpClientProperties'
2024-11-08T17:16:55.790+09:00 DEBUG 23248 --- [gateway] [    Test worker] o.s.b.f.s.DefaultListableBeanFactory     : Autowiring by type from bean name 'gatewayHttpClientFactory' via factory method to bean named 'server-org.springframework.boot.autoconfigure.web.ServerProperties'
2024-11-08T17:16:55.790+09:00 DEBUG 23248 --- [gateway] [    Test worker] o.s.b.f.s.DefaultListableBeanFactory     : Autowiring by type from bean name 'gatewayHttpClientFactory' via factory method to bean named 'httpClientSslConfigurer'
2024-11-08T17:16:55.883+09:00 DEBUG 23248 --- [gateway] [    Test worker] o.s.b.f.s.DefaultListableBeanFactory     : Creating shared instance of singleton bean 'routingFilter'
2024-11-08T17:16:55.884+09:00 DEBUG 23248 --- [gateway] [    Test worker] o.s.b.f.s.DefaultListableBeanFactory     : Autowiring by type from bean name 'routingFilter' via factory method to bean named 'gatewayHttpClientFactory'
2024-11-08T17:16:55.884+09:00 DEBUG 23248 --- [gateway] [    Test worker] o.s.b.f.s.DefaultListableBeanFactory     : Autowiring by type from bean name 'routingFilter' via factory method to bean named 'httpClientProperties'
2024-11-08T17:16:55.886+09:00 DEBUG 23248 --- [gateway] [    Test worker] o.s.b.f.s.DefaultListableBeanFactory     : Creating shared instance of singleton bean 'nettyWriteResponseFilter'
2024-11-08T17:16:55.886+09:00 DEBUG 23248 --- [gateway] [    Test worker] o.s.b.f.s.DefaultListableBeanFactory     : Creating shared instance of singleton bean 'gatewayProperties'
2024-11-08T17:16:55.886+09:00 DEBUG 23248 --- [gateway] [    Test worker] o.s.b.f.s.DefaultListableBeanFactory     : Creating shared instance of singleton bean 'org.springframework.cloud.gateway.config.GatewayAutoConfiguration'
2024-11-08T17:16:55.960+09:00 DEBUG 23248 --- [gateway] [    Test worker] o.s.c.gateway.config.GatewayProperties   : Routes supplied from Gateway Properties: [RouteDefinition{id='auth-service', predicates=[PredicateDefinition{name='Path', args={_genkey_0=/api/v1/login/**}}], filters=[], uri=http://localhost:8081, order=0, metadata={}}, RouteDefinition{id='members-service', predicates=[PredicateDefinition{name='Path', args={_genkey_0=/api/v1/members/**}}], filters=[], uri=http://localhost:8081, order=0, metadata={}}, RouteDefinition{id='teams-service', predicates=[PredicateDefinition{name='Path', args={_genkey_0=/api/v1/teams/**}}], filters=[], uri=http://localhost:8082, order=0, metadata={}}, RouteDefinition{id='team-stats-service', predicates=[PredicateDefinition{name='Path', args={_genkey_0=/api/v1/team/stats/**}}], filters=[], uri=http://localhost:8082, order=0, metadata={}}, RouteDefinition{id='stats-service', predicates=[PredicateDefinition{name='Path', args={_genkey_0=/api/v1/stats/**}}], filters=[], uri=http://localhost:8082, order=0, metadata={}}, RouteDefinition{id='songs-service', predicates=[PredicateDefinition{name='Path', args={_genkey_0=/api/v1/songs/**}}], filters=[], uri=http://localhost:8082, order=0, metadata={}}, RouteDefinition{id='records-service', predicates=[PredicateDefinition{name='Path', args={_genkey_0=/api/v1/records/**}}], filters=[], uri=http://localhost:8082, order=0, metadata={}}, RouteDefinition{id='ranks-service', predicates=[PredicateDefinition{name='Path', args={_genkey_0=/api/v1/ranks/**}}], filters=[], uri=http://localhost:8082, order=0, metadata={}}, RouteDefinition{id='players-service', predicates=[PredicateDefinition{name='Path', args={_genkey_0=/api/v1/players/**}}], filters=[], uri=http://localhost:8082, order=0, metadata={}}, RouteDefinition{id='lineup-service', predicates=[PredicateDefinition{name='Path', args={_genkey_0=/api/v1/lineup/**}}], filters=[], uri=http://localhost:8082, order=0, metadata={}}, RouteDefinition{id='highlights-service', predicates=[PredicateDefinition{name='Path', args={_genkey_0=/api/v1/highlights/**}}], filters=[], uri=http://localhost:8082, order=0, metadata={}}, RouteDefinition{id='games-service', predicates=[PredicateDefinition{name='Path', args={_genkey_0=/api/v1/games/**}}], filters=[], uri=http://localhost:8082, order=0, metadata={}}, RouteDefinition{id='cards-service', predicates=[PredicateDefinition{name='Path', args={_genkey_0=/api/v1/cards/**}}], filters=[], uri=http://localhost:8083, order=0, metadata={}}, RouteDefinition{id='purchase-service', predicates=[PredicateDefinition{name='Path', args={_genkey_0=/api/v1/purchase/**}}], filters=[], uri=http://localhost:8083, order=0, metadata={}}, RouteDefinition{id='recommend-service', predicates=[PredicateDefinition{name='Path', args={_genkey_0=/api/v1/recommend/**}}], filters=[], uri=http://localhost:8084, order=0, metadata={}}, RouteDefinition{id='check-mileage-service', predicates=[PredicateDefinition{name='Path', args={_genkey_0=/api/v1/check-mileage/**}}], filters=[], uri=http://localhost:8085, order=0, metadata={}}, RouteDefinition{id='ticket-service', predicates=[PredicateDefinition{name='Path', args={_genkey_0=/api/v1/ticket/**}}], filters=[], uri=http://localhost:8086, order=0, metadata={}}]
2024-11-08T17:16:55.965+09:00 DEBUG 23248 --- [gateway] [    Test worker] o.s.b.f.s.DefaultListableBeanFactory     : Autowiring by type from bean name 'nettyWriteResponseFilter' via factory method to bean named 'gatewayProperties'
2024-11-08T17:16:55.966+09:00 DEBUG 23248 --- [gateway] [    Test worker] o.s.b.f.s.DefaultListableBeanFactory     : Creating shared instance of singleton bean 'reactorNettyWebSocketClient'
2024-11-08T17:16:55.966+09:00 DEBUG 23248 --- [gateway] [    Test worker] o.s.b.f.s.DefaultListableBeanFactory     : Autowiring by type from bean name 'reactorNettyWebSocketClient' via factory method to bean named 'httpClientProperties'
2024-11-08T17:16:55.966+09:00 DEBUG 23248 --- [gateway] [    Test worker] o.s.b.f.s.DefaultListableBeanFactory     : Autowiring by type from bean name 'reactorNettyWebSocketClient' via factory method to bean named 'gatewayHttpClientFactory'
2024-11-08T17:16:55.968+09:00 DEBUG 23248 --- [gateway] [    Test worker] o.s.b.f.s.DefaultListableBeanFactory     : Creating shared instance of singleton bean 'reactorNettyRequestUpgradeStrategy'
2024-11-08T17:16:55.969+09:00 DEBUG 23248 --- [gateway] [    Test worker] o.s.b.f.s.DefaultListableBeanFactory     : Autowiring by type from bean name 'reactorNettyRequestUpgradeStrategy' via factory method to bean named 'httpClientProperties'
2024-11-08T17:16:55.971+09:00 DEBUG 23248 --- [gateway] [    Test worker] o.s.b.f.s.DefaultListableBeanFactory     : Creating shared instance of singleton bean 'stringToZonedDateTimeConverter'
2024-11-08T17:16:55.972+09:00 DEBUG 23248 --- [gateway] [    Test worker] o.s.b.f.s.DefaultListableBeanFactory     : Creating shared instance of singleton bean 'deprecatedKeyValueConverter'
2024-11-08T17:16:55.973+09:00 DEBUG 23248 --- [gateway] [    Test worker] o.s.b.f.s.DefaultListableBeanFactory     : Creating shared instance of singleton bean 'keyValueConverter'
2024-11-08T17:16:55.973+09:00 DEBUG 23248 --- [gateway] [    Test worker] o.s.b.f.s.DefaultListableBeanFactory     : Creating shared instance of singleton bean 'routeLocatorBuilder'
2024-11-08T17:16:55.973+09:00 DEBUG 23248 --- [gateway] [    Test worker] o.s.b.f.s.DefaultListableBeanFactory     : Autowiring by type from bean name 'routeLocatorBuilder' via factory method to bean named 'org.springframework.boot.web.reactive.context.GenericReactiveWebApplicationContext@4af46df3'
2024-11-08T17:16:55.974+09:00 DEBUG 23248 --- [gateway] [    Test worker] o.s.b.f.s.DefaultListableBeanFactory     : Creating shared instance of singleton bean 'propertiesRouteDefinitionLocator'
2024-11-08T17:16:55.974+09:00 DEBUG 23248 --- [gateway] [    Test worker] o.s.b.f.s.DefaultListableBeanFactory     : Autowiring by type from bean name 'propertiesRouteDefinitionLocator' via factory method to bean named 'gatewayProperties'
2024-11-08T17:16:55.975+09:00 DEBUG 23248 --- [gateway] [    Test worker] o.s.b.f.s.DefaultListableBeanFactory     : Creating shared instance of singleton bean 'inMemoryRouteDefinitionRepository'
2024-11-08T17:16:55.975+09:00 DEBUG 23248 --- [gateway] [    Test worker] o.s.b.f.s.DefaultListableBeanFactory     : Creating shared instance of singleton bean 'routeDefinitionLocator'
2024-11-08T17:16:55.976+09:00 DEBUG 23248 --- [gateway] [    Test worker] o.s.b.f.s.DefaultListableBeanFactory     : Autowiring by type from bean name 'routeDefinitionLocator' via factory method to bean named 'propertiesRouteDefinitionLocator'
2024-11-08T17:16:55.976+09:00 DEBUG 23248 --- [gateway] [    Test worker] o.s.b.f.s.DefaultListableBeanFactory     : Autowiring by type from bean name 'routeDefinitionLocator' via factory method to bean named 'inMemoryRouteDefinitionRepository'
2024-11-08T17:16:55.978+09:00 DEBUG 23248 --- [gateway] [    Test worker] o.s.b.f.s.DefaultListableBeanFactory     : Creating shared instance of singleton bean 'gatewayConfigurationService'
2024-11-08T17:16:55.978+09:00 DEBUG 23248 --- [gateway] [    Test worker] o.s.b.f.s.DefaultListableBeanFactory     : Autowiring by type from bean name 'gatewayConfigurationService' via factory method to bean named 'org.springframework.beans.factory.support.DefaultListableBeanFactory@592238c5'
2024-11-08T17:16:55.979+09:00 DEBUG 23248 --- [gateway] [    Test worker] o.s.b.f.s.DefaultListableBeanFactory     : Creating shared instance of singleton bean 'routeDefinitionRouteLocator'
2024-11-08T17:16:55.980+09:00 DEBUG 23248 --- [gateway] [    Test worker] o.s.b.f.s.DefaultListableBeanFactory     : Creating shared instance of singleton bean 'addRequestHeaderGatewayFilterFactory'
2024-11-08T17:16:55.981+09:00 DEBUG 23248 --- [gateway] [    Test worker] o.s.b.f.s.DefaultListableBeanFactory     : Creating shared instance of singleton bean 'addRequestHeadersIfNotPresentGatewayFilterFactory'
2024-11-08T17:16:55.982+09:00 DEBUG 23248 --- [gateway] [    Test worker] o.s.b.f.s.DefaultListableBeanFactory     : Creating shared instance of singleton bean 'mapRequestHeaderGatewayFilterFactory'
2024-11-08T17:16:55.983+09:00 DEBUG 23248 --- [gateway] [    Test worker] o.s.b.f.s.DefaultListableBeanFactory     : Creating shared instance of singleton bean 'addRequestParameterGatewayFilterFactory'
2024-11-08T17:16:55.984+09:00 DEBUG 23248 --- [gateway] [    Test worker] o.s.b.f.s.DefaultListableBeanFactory     : Creating shared instance of singleton bean 'addResponseHeaderGatewayFilterFactory'
2024-11-08T17:16:55.984+09:00 DEBUG 23248 --- [gateway] [    Test worker] o.s.b.f.s.DefaultListableBeanFactory     : Creating shared instance of singleton bean 'modifyRequestBodyGatewayFilterFactory'
2024-11-08T17:16:55.984+09:00 DEBUG 23248 --- [gateway] [    Test worker] o.s.b.f.s.DefaultListableBeanFactory     : Autowiring by type from bean name 'modifyRequestBodyGatewayFilterFactory' via factory method to bean named 'serverCodecConfigurer'
2024-11-08T17:16:55.986+09:00 DEBUG 23248 --- [gateway] [    Test worker] o.s.b.f.s.DefaultListableBeanFactory     : Creating shared instance of singleton bean 'dedupeResponseHeaderGatewayFilterFactory'
2024-11-08T17:16:55.987+09:00 DEBUG 23248 --- [gateway] [    Test worker] o.s.b.f.s.DefaultListableBeanFactory     : Creating shared instance of singleton bean 'modifyResponseBodyGatewayFilterFactory'
2024-11-08T17:16:55.987+09:00 DEBUG 23248 --- [gateway] [    Test worker] o.s.b.f.s.DefaultListableBeanFactory     : Creating shared instance of singleton bean 'gzipMessageBodyResolver'
2024-11-08T17:16:55.988+09:00 DEBUG 23248 --- [gateway] [    Test worker] o.s.b.f.s.DefaultListableBeanFactory     : Autowiring by type from bean name 'modifyResponseBodyGatewayFilterFactory' via factory method to bean named 'serverCodecConfigurer'
2024-11-08T17:16:55.988+09:00 DEBUG 23248 --- [gateway] [    Test worker] o.s.b.f.s.DefaultListableBeanFactory     : Autowiring by type from bean name 'modifyResponseBodyGatewayFilterFactory' via factory method to bean named 'gzipMessageBodyResolver'
2024-11-08T17:16:55.989+09:00 DEBUG 23248 --- [gateway] [    Test worker] o.s.b.f.s.DefaultListableBeanFactory     : Creating shared instance of singleton bean 'cacheRequestBodyGatewayFilterFactory'
2024-11-08T17:16:55.989+09:00 DEBUG 23248 --- [gateway] [    Test worker] o.s.b.f.s.DefaultListableBeanFactory     : Autowiring by type from bean name 'cacheRequestBodyGatewayFilterFactory' via factory method to bean named 'serverCodecConfigurer'
2024-11-08T17:16:55.990+09:00 DEBUG 23248 --- [gateway] [    Test worker] o.s.b.f.s.DefaultListableBeanFactory     : Creating shared instance of singleton bean 'prefixPathGatewayFilterFactory'
2024-11-08T17:16:55.991+09:00 DEBUG 23248 --- [gateway] [    Test worker] o.s.b.f.s.DefaultListableBeanFactory     : Creating shared instance of singleton bean 'preserveHostHeaderGatewayFilterFactory'
2024-11-08T17:16:55.991+09:00 DEBUG 23248 --- [gateway] [    Test worker] o.s.b.f.s.DefaultListableBeanFactory     : Creating shared instance of singleton bean 'redirectToGatewayFilterFactory'
2024-11-08T17:16:55.992+09:00 DEBUG 23248 --- [gateway] [    Test worker] o.s.b.f.s.DefaultListableBeanFactory     : Creating shared instance of singleton bean 'removeJsonAttributesResponseBodyGatewayFilterFactory'
2024-11-08T17:16:55.992+09:00 DEBUG 23248 --- [gateway] [    Test worker] o.s.b.f.s.DefaultListableBeanFactory     : Autowiring by type from bean name 'removeJsonAttributesResponseBodyGatewayFilterFactory' via factory method to bean named 'serverCodecConfigurer'
2024-11-08T17:16:55.992+09:00 DEBUG 23248 --- [gateway] [    Test worker] o.s.b.f.s.DefaultListableBeanFactory     : Autowiring by type from bean name 'removeJsonAttributesResponseBodyGatewayFilterFactory' via factory method to bean named 'gzipMessageBodyResolver'
2024-11-08T17:16:55.994+09:00 DEBUG 23248 --- [gateway] [    Test worker] o.s.b.f.s.DefaultListableBeanFactory     : Creating shared instance of singleton bean 'removeRequestHeaderGatewayFilterFactory'
2024-11-08T17:16:55.994+09:00 DEBUG 23248 --- [gateway] [    Test worker] o.s.b.f.s.DefaultListableBeanFactory     : Creating shared instance of singleton bean 'removeRequestParameterGatewayFilterFactory'
2024-11-08T17:16:55.995+09:00 DEBUG 23248 --- [gateway] [    Test worker] o.s.b.f.s.DefaultListableBeanFactory     : Creating shared instance of singleton bean 'removeResponseHeaderGatewayFilterFactory'
2024-11-08T17:16:55.996+09:00 DEBUG 23248 --- [gateway] [    Test worker] o.s.b.f.s.DefaultListableBeanFactory     : Creating shared instance of singleton bean 'rewritePathGatewayFilterFactory'
2024-11-08T17:16:55.996+09:00 DEBUG 23248 --- [gateway] [    Test worker] o.s.b.f.s.DefaultListableBeanFactory     : Creating shared instance of singleton bean 'retryGatewayFilterFactory'
2024-11-08T17:16:56.001+09:00 DEBUG 23248 --- [gateway] [    Test worker] o.s.b.f.s.DefaultListableBeanFactory     : Creating shared instance of singleton bean 'setPathGatewayFilterFactory'
2024-11-08T17:16:56.002+09:00 DEBUG 23248 --- [gateway] [    Test worker] o.s.b.f.s.DefaultListableBeanFactory     : Creating shared instance of singleton bean 'secureHeadersGatewayFilterFactory'
2024-11-08T17:16:56.002+09:00 DEBUG 23248 --- [gateway] [    Test worker] o.s.b.f.s.DefaultListableBeanFactory     : Creating shared instance of singleton bean 'secureHeadersProperties'
2024-11-08T17:16:56.003+09:00 DEBUG 23248 --- [gateway] [    Test worker] o.s.b.f.s.DefaultListableBeanFactory     : Autowiring by type from bean name 'secureHeadersGatewayFilterFactory' via factory method to bean named 'secureHeadersProperties'
2024-11-08T17:16:56.003+09:00 DEBUG 23248 --- [gateway] [    Test worker] o.s.b.f.s.DefaultListableBeanFactory     : Creating shared instance of singleton bean 'setRequestHeaderGatewayFilterFactory'
2024-11-08T17:16:56.003+09:00 DEBUG 23248 --- [gateway] [    Test worker] o.s.b.f.s.DefaultListableBeanFactory     : Creating shared instance of singleton bean 'setRequestHostHeaderGatewayFilterFactory'
2024-11-08T17:16:56.003+09:00 DEBUG 23248 --- [gateway] [    Test worker] o.s.b.f.s.DefaultListableBeanFactory     : Creating shared instance of singleton bean 'setResponseHeaderGatewayFilterFactory'
2024-11-08T17:16:56.003+09:00 DEBUG 23248 --- [gateway] [    Test worker] o.s.b.f.s.DefaultListableBeanFactory     : Creating shared instance of singleton bean 'rewriteResponseHeaderGatewayFilterFactory'
2024-11-08T17:16:56.003+09:00 DEBUG 23248 --- [gateway] [    Test worker] o.s.b.f.s.DefaultListableBeanFactory     : Creating shared instance of singleton bean 'rewriteLocationResponseHeaderGatewayFilterFactory'
2024-11-08T17:16:56.008+09:00 DEBUG 23248 --- [gateway] [    Test worker] o.s.b.f.s.DefaultListableBeanFactory     : Creating shared instance of singleton bean 'setStatusGatewayFilterFactory'
2024-11-08T17:16:56.008+09:00 DEBUG 23248 --- [gateway] [    Test worker] o.s.b.f.s.DefaultListableBeanFactory     : Creating shared instance of singleton bean 'saveSessionGatewayFilterFactory'
2024-11-08T17:16:56.008+09:00 DEBUG 23248 --- [gateway] [    Test worker] o.s.b.f.s.DefaultListableBeanFactory     : Creating shared instance of singleton bean 'stripPrefixGatewayFilterFactory'
2024-11-08T17:16:56.008+09:00 DEBUG 23248 --- [gateway] [    Test worker] o.s.b.f.s.DefaultListableBeanFactory     : Creating shared instance of singleton bean 'requestHeaderToRequestUriGatewayFilterFactory'
2024-11-08T17:16:56.013+09:00 DEBUG 23248 --- [gateway] [    Test worker] o.s.b.f.s.DefaultListableBeanFactory     : Creating shared instance of singleton bean 'requestSizeGatewayFilterFactory'
2024-11-08T17:16:56.014+09:00 DEBUG 23248 --- [gateway] [    Test worker] o.s.b.f.s.DefaultListableBeanFactory     : Creating shared instance of singleton bean 'requestHeaderSizeGatewayFilterFactory'
2024-11-08T17:16:56.015+09:00 DEBUG 23248 --- [gateway] [    Test worker] o.s.b.f.s.DefaultListableBeanFactory     : Creating shared instance of singleton bean 'rewriteRequestParameterGatewayFilterFactory'
2024-11-08T17:16:56.017+09:00 DEBUG 23248 --- [gateway] [    Test worker] o.s.b.f.s.DefaultListableBeanFactory     : Creating shared instance of singleton bean 'afterRoutePredicateFactory'
2024-11-08T17:16:56.019+09:00 DEBUG 23248 --- [gateway] [    Test worker] o.s.b.f.s.DefaultListableBeanFactory     : Creating shared instance of singleton bean 'beforeRoutePredicateFactory'
2024-11-08T17:16:56.019+09:00 DEBUG 23248 --- [gateway] [    Test worker] o.s.b.f.s.DefaultListableBeanFactory     : Creating shared instance of singleton bean 'betweenRoutePredicateFactory'
2024-11-08T17:16:56.020+09:00 DEBUG 23248 --- [gateway] [    Test worker] o.s.b.f.s.DefaultListableBeanFactory     : Creating shared instance of singleton bean 'cookieRoutePredicateFactory'
2024-11-08T17:16:56.021+09:00 DEBUG 23248 --- [gateway] [    Test worker] o.s.b.f.s.DefaultListableBeanFactory     : Creating shared instance of singleton bean 'headerRoutePredicateFactory'
2024-11-08T17:16:56.021+09:00 DEBUG 23248 --- [gateway] [    Test worker] o.s.b.f.s.DefaultListableBeanFactory     : Creating shared instance of singleton bean 'hostRoutePredicateFactory'
2024-11-08T17:16:56.021+09:00 DEBUG 23248 --- [gateway] [    Test worker] o.s.b.f.s.DefaultListableBeanFactory     : Autowiring by type from bean name 'hostRoutePredicateFactory' via factory method to bean named 'environment'
2024-11-08T17:16:56.022+09:00 DEBUG 23248 --- [gateway] [    Test worker] o.s.b.f.s.DefaultListableBeanFactory     : Creating shared instance of singleton bean 'methodRoutePredicateFactory'
2024-11-08T17:16:56.023+09:00 DEBUG 23248 --- [gateway] [    Test worker] o.s.b.f.s.DefaultListableBeanFactory     : Creating shared instance of singleton bean 'pathRoutePredicateFactory'
2024-11-08T17:16:56.024+09:00 DEBUG 23248 --- [gateway] [    Test worker] o.s.b.f.s.DefaultListableBeanFactory     : Creating shared instance of singleton bean 'queryRoutePredicateFactory'
2024-11-08T17:16:56.024+09:00 DEBUG 23248 --- [gateway] [    Test worker] o.s.b.f.s.DefaultListableBeanFactory     : Creating shared instance of singleton bean 'readBodyPredicateFactory'
2024-11-08T17:16:56.025+09:00 DEBUG 23248 --- [gateway] [    Test worker] o.s.b.f.s.DefaultListableBeanFactory     : Autowiring by type from bean name 'readBodyPredicateFactory' via factory method to bean named 'serverCodecConfigurer'
2024-11-08T17:16:56.026+09:00 DEBUG 23248 --- [gateway] [    Test worker] o.s.b.f.s.DefaultListableBeanFactory     : Creating shared instance of singleton bean 'remoteAddrRoutePredicateFactory'
2024-11-08T17:16:56.026+09:00 DEBUG 23248 --- [gateway] [    Test worker] o.s.b.f.s.DefaultListableBeanFactory     : Creating shared instance of singleton bean 'xForwardedRemoteAddrRoutePredicateFactory'
2024-11-08T17:16:56.027+09:00 DEBUG 23248 --- [gateway] [    Test worker] o.s.b.f.s.DefaultListableBeanFactory     : Creating shared instance of singleton bean 'weightCalculatorWebFilter'
[...]
         - @ConditionalOnClass did not find required class 'jakarta.servlet.ServletRequest' (OnClassCondition)

   SessionAutoConfiguration:
      Did not match:
         - @ConditionalOnClass did not find required class 'org.springframework.session.Session' (OnClassCondition)

   SimpleReactiveDiscoveryClientAutoConfiguration.HealthConfiguration:
      Did not match:
         - @ConditionalOnClass did not find required class 'org.springframework.boot.actuate.health.ReactiveHealthIndicator' (OnClassCondition)

   SimpleUrlHandlerMappingGlobalCorsAutoConfiguration:
      Did not match:
         - @ConditionalOnProperty (spring.cloud.gateway.globalcors.add-to-simple-url-handler-mapping) did not find property 'spring.cloud.gateway.globalcors.add-to-simple-url-handler-mapping' (OnPropertyCondition)
      Matched:
         - @ConditionalOnClass found required class 'org.springframework.web.reactive.handler.SimpleUrlHandlerMapping' (OnClassCondition)

   SpringApplicationAdminJmxAutoConfiguration:
      Did not match:
         - @ConditionalOnProperty (spring.application.admin.enabled=true) did not find property 'enabled' (OnPropertyCondition)

   SpringBootWebSecurityConfiguration:
      Did not match:
         - not a servlet web application (OnWebApplicationCondition)

   SpringDataWebAutoConfiguration:
      Did not match:
         - @ConditionalOnClass did not find required class 'org.springframework.data.web.PageableHandlerMethodArgumentResolver' (OnClassCondition)

   TaskExecutorConfigurations.SimpleAsyncTaskExecutorBuilderConfiguration#simpleAsyncTaskExecutorBuilderVirtualThreads:
      Did not match:
         - @ConditionalOnMissingBean (types: org.springframework.boot.task.SimpleAsyncTaskExecutorBuilder; SearchStrategy: all) found beans of type 'org.springframework.boot.task.SimpleAsyncTaskExecutorBuilder' simpleAsyncTaskExecutorBuilder (OnBeanCondition)

   TaskExecutorConfigurations.TaskExecutorConfiguration#applicationTaskExecutorVirtualThreads:
      Did not match:
         - @ConditionalOnThreading did not find VIRTUAL (OnThreadingCondition)

   TaskSchedulingAutoConfiguration#scheduledBeanLazyInitializationExcludeFilter:
      Did not match:
         - @ConditionalOnBean (names: org.springframework.context.annotation.internalScheduledAnnotationProcessor; SearchStrategy: all) did not find any beans named org.springframework.context.annotation.internalScheduledAnnotationProcessor (OnBeanCondition)

   TaskSchedulingConfigurations.SimpleAsyncTaskSchedulerBuilderConfiguration#simpleAsyncTaskSchedulerBuilderVirtualThreads:
      Did not match:
         - @ConditionalOnMissingBean (types: org.springframework.boot.task.SimpleAsyncTaskSchedulerBuilder; SearchStrategy: all) found beans of type 'org.springframework.boot.task.SimpleAsyncTaskSchedulerBuilder' simpleAsyncTaskSchedulerBuilder (OnBeanCondition)

   TaskSchedulingConfigurations.TaskSchedulerConfiguration:
      Did not match:
         - @ConditionalOnBean (names: org.springframework.context.annotation.internalScheduledAnnotationProcessor; SearchStrategy: all) did not find any beans named org.springframework.context.annotation.internalScheduledAnnotationProcessor (OnBeanCondition)

   ThymeleafAutoConfiguration:
      Did not match:
         - @ConditionalOnClass did not find required class 'org.thymeleaf.spring6.SpringTemplateEngine' (OnClassCondition)

   TransactionAutoConfiguration:
      Did not match:
         - @ConditionalOnClass did not find required class 'org.springframework.transaction.PlatformTransactionManager' (OnClassCondition)

   TransactionManagerCustomizationAutoConfiguration:
      Did not match:
         - @ConditionalOnClass did not find required class 'org.springframework.transaction.PlatformTransactionManager' (OnClassCondition)

   UserDetailsServiceAutoConfiguration:
      Did not match:
         - @ConditionalOnBean (types: org.springframework.security.config.annotation.ObjectPostProcessor; SearchStrategy: all) did not find any beans of type org.springframework.security.config.annotation.ObjectPostProcessor (OnBeanCondition)
      Matched:
         - @ConditionalOnClass found required class 'org.springframework.security.authentication.AuthenticationManager' (OnClassCondition)
         - AnyNestedCondition 1 matched 2 did not; NestedCondition on UserDetailsServiceAutoConfiguration.MissingAlternativeOrUserPropertiesConfigured.PasswordConfigured @ConditionalOnProperty (spring.security.user.password) did not find property 'password'; NestedCondition on UserDetailsServiceAutoConfiguration.MissingAlternativeOrUserPropertiesConfigured.NameConfigured @ConditionalOnProperty (spring.security.user.name) did not find property 'name'; NestedCondition on UserDetailsServiceAutoConfiguration.MissingAlternativeOrUserPropertiesConfigured.MissingAlternative @ConditionalOnMissingClass did not find unwanted classes 'org.springframework.security.oauth2.client.registration.ClientRegistrationRepository', 'org.springframework.security.oauth2.server.resource.introspection.OpaqueTokenIntrospector', 'org.springframework.security.saml2.provider.service.registration.RelyingPartyRegistrationRepository' (UserDetailsServiceAutoConfiguration.MissingAlternativeOrUserPropertiesConfigured)

   WebFluxAutoConfiguration#hiddenHttpMethodFilter:
      Did not match:
         - @ConditionalOnProperty (spring.webflux.hiddenmethod.filter.enabled) found different value in property 'enabled' (OnPropertyCondition)

   WebFluxAutoConfiguration.ProblemDetailsErrorHandlingConfiguration:
      Did not match:
         - @ConditionalOnProperty (spring.webflux.problemdetails.enabled=true) did not find property 'enabled' (OnPropertyCondition)

   WebFluxAutoConfiguration.ResourceChainCustomizerConfiguration:
      Did not match:
         - @ConditionalOnEnabledResourceChain did not find class org.webjars.WebJarAssetLocator (OnEnabledResourceChainCondition)

   WebMvcAutoConfiguration:
      Did not match:
         - @ConditionalOnClass did not find required class 'jakarta.servlet.Servlet' (OnClassCondition)

   WebServiceTemplateAutoConfiguration:
      Did not match:
         - @ConditionalOnClass did not find required class 'org.springframework.oxm.Marshaller' (OnClassCondition)

   WebServicesAutoConfiguration:
      Did not match:
         - @ConditionalOnClass did not find required class 'org.springframework.ws.transport.http.MessageDispatcherServlet' (OnClassCondition)

   WebSocketMessagingAutoConfiguration:
      Did not match:
         - @ConditionalOnClass did not find required class 'org.springframework.web.socket.config.annotation.WebSocketMessageBrokerConfigurer' (OnClassCondition)

   WebSocketReactiveAutoConfiguration:
      Did not match:
         - @ConditionalOnClass did not find required class 'jakarta.servlet.Servlet' (OnClassCondition)

   WebSocketServletAutoConfiguration:
      Did not match:
         - @ConditionalOnClass did not find required class 'jakarta.servlet.Servlet' (OnClassCondition)

   WritableEnvironmentEndpointAutoConfiguration:
      Did not match:
         - @ConditionalOnClass did not find required class 'org.springframework.boot.actuate.autoconfigure.env.EnvironmentEndpointProperties' (OnClassCondition)

   XADataSourceAutoConfiguration:
      Did not match:
         - @ConditionalOnClass did not find required class 'jakarta.transaction.TransactionManager' (OnClassCondition)


Exclusions:
-----------

    None


Unconditional classes:
----------------------

    org.springframework.boot.autoconfigure.context.ConfigurationPropertiesAutoConfiguration

    org.springframework.cloud.client.ReactiveCommonsClientAutoConfiguration

    org.springframework.boot.autoconfigure.ssl.SslAutoConfiguration

    org.springframework.boot.autoconfigure.context.PropertyPlaceholderAutoConfiguration

    org.springframework.cloud.client.discovery.simple.SimpleDiscoveryClientAutoConfiguration

    org.springframework.boot.autoconfigure.context.LifecycleAutoConfiguration

    org.springframework.cloud.client.CommonsClientAutoConfiguration

    org.springframework.cloud.commons.config.CommonsConfigAutoConfiguration

    org.springframework.cloud.client.loadbalancer.LoadBalancerDefaultMappingsProviderAutoConfiguration

    org.springframework.cloud.client.discovery.composite.CompositeDiscoveryClientAutoConfiguration

    org.springframework.cloud.client.serviceregistry.ServiceRegistryAutoConfiguration

    org.springframework.cloud.autoconfigure.LifecycleMvcEndpointAutoConfiguration

    org.springframework.boot.autoconfigure.availability.ApplicationAvailabilityAutoConfiguration

    org.springframework.boot.autoconfigure.info.ProjectInfoAutoConfiguration



2024-11-08T17:16:56.352+09:00 DEBUG 23248 --- [gateway] [    Test worker] o.s.c.g.r.RouteDefinitionRouteLocator    : RouteDefinition auth-service applying {_genkey_0=/api/v1/login/**} to Path
2024-11-08T17:16:56.367+09:00 DEBUG 23248 --- [gateway] [    Test worker] o.s.c.g.r.RouteDefinitionRouteLocator    : RouteDefinition matched: auth-service
2024-11-08T17:16:56.367+09:00 DEBUG 23248 --- [gateway] [    Test worker] o.s.c.g.r.RouteDefinitionRouteLocator    : RouteDefinition members-service applying {_genkey_0=/api/v1/members/**} to Path
2024-11-08T17:16:56.368+09:00 DEBUG 23248 --- [gateway] [    Test worker] o.s.c.g.r.RouteDefinitionRouteLocator    : RouteDefinition matched: members-service
2024-11-08T17:16:56.368+09:00 DEBUG 23248 --- [gateway] [    Test worker] o.s.c.g.r.RouteDefinitionRouteLocator    : RouteDefinition teams-service applying {_genkey_0=/api/v1/teams/**} to Path
2024-11-08T17:16:56.369+09:00 DEBUG 23248 --- [gateway] [    Test worker] o.s.c.g.r.RouteDefinitionRouteLocator    : RouteDefinition matched: teams-service
2024-11-08T17:16:56.369+09:00 DEBUG 23248 --- [gateway] [    Test worker] o.s.c.g.r.RouteDefinitionRouteLocator    : RouteDefinition team-stats-service applying {_genkey_0=/api/v1/team/stats/**} to Path
2024-11-08T17:16:56.369+09:00 DEBUG 23248 --- [gateway] [    Test worker] o.s.c.g.r.RouteDefinitionRouteLocator    : RouteDefinition matched: team-stats-service
2024-11-08T17:16:56.369+09:00 DEBUG 23248 --- [gateway] [    Test worker] o.s.c.g.r.RouteDefinitionRouteLocator    : RouteDefinition stats-service applying {_genkey_0=/api/v1/stats/**} to Path
2024-11-08T17:16:56.370+09:00 DEBUG 23248 --- [gateway] [    Test worker] o.s.c.g.r.RouteDefinitionRouteLocator    : RouteDefinition matched: stats-service
2024-11-08T17:16:56.370+09:00 DEBUG 23248 --- [gateway] [    Test worker] o.s.c.g.r.RouteDefinitionRouteLocator    : RouteDefinition songs-service applying {_genkey_0=/api/v1/songs/**} to Path
2024-11-08T17:16:56.370+09:00 DEBUG 23248 --- [gateway] [    Test worker] o.s.c.g.r.RouteDefinitionRouteLocator    : RouteDefinition matched: songs-service
2024-11-08T17:16:56.370+09:00 DEBUG 23248 --- [gateway] [    Test worker] o.s.c.g.r.RouteDefinitionRouteLocator    : RouteDefinition records-service applying {_genkey_0=/api/v1/records/**} to Path
2024-11-08T17:16:56.371+09:00 DEBUG 23248 --- [gateway] [    Test worker] o.s.c.g.r.RouteDefinitionRouteLocator    : RouteDefinition matched: records-service
2024-11-08T17:16:56.371+09:00 DEBUG 23248 --- [gateway] [    Test worker] o.s.c.g.r.RouteDefinitionRouteLocator    : RouteDefinition ranks-service applying {_genkey_0=/api/v1/ranks/**} to Path
2024-11-08T17:16:56.371+09:00 DEBUG 23248 --- [gateway] [    Test worker] o.s.c.g.r.RouteDefinitionRouteLocator    : RouteDefinition matched: ranks-service
2024-11-08T17:16:56.371+09:00 DEBUG 23248 --- [gateway] [    Test worker] o.s.c.g.r.RouteDefinitionRouteLocator    : RouteDefinition players-service applying {_genkey_0=/api/v1/players/**} to Path
2024-11-08T17:16:56.372+09:00 DEBUG 23248 --- [gateway] [    Test worker] o.s.c.g.r.RouteDefinitionRouteLocator    : RouteDefinition matched: players-service
2024-11-08T17:16:56.372+09:00 DEBUG 23248 --- [gateway] [    Test worker] o.s.c.g.r.RouteDefinitionRouteLocator    : RouteDefinition lineup-service applying {_genkey_0=/api/v1/lineup/**} to Path
2024-11-08T17:16:56.372+09:00 DEBUG 23248 --- [gateway] [    Test worker] o.s.c.g.r.RouteDefinitionRouteLocator    : RouteDefinition matched: lineup-service
2024-11-08T17:16:56.373+09:00 DEBUG 23248 --- [gateway] [    Test worker] o.s.c.g.r.RouteDefinitionRouteLocator    : RouteDefinition highlights-service applying {_genkey_0=/api/v1/highlights/**} to Path
2024-11-08T17:16:56.373+09:00 DEBUG 23248 --- [gateway] [    Test worker] o.s.c.g.r.RouteDefinitionRouteLocator    : RouteDefinition matched: highlights-service
2024-11-08T17:16:56.373+09:00 DEBUG 23248 --- [gateway] [    Test worker] o.s.c.g.r.RouteDefinitionRouteLocator    : RouteDefinition games-service applying {_genkey_0=/api/v1/games/**} to Path
2024-11-08T17:16:56.373+09:00 DEBUG 23248 --- [gateway] [    Test worker] o.s.c.g.r.RouteDefinitionRouteLocator    : RouteDefinition matched: games-service
2024-11-08T17:16:56.373+09:00 DEBUG 23248 --- [gateway] [    Test worker] o.s.c.g.r.RouteDefinitionRouteLocator    : RouteDefinition cards-service applying {_genkey_0=/api/v1/cards/**} to Path
2024-11-08T17:16:56.374+09:00 DEBUG 23248 --- [gateway] [    Test worker] o.s.c.g.r.RouteDefinitionRouteLocator    : RouteDefinition matched: cards-service
2024-11-08T17:16:56.374+09:00 DEBUG 23248 --- [gateway] [    Test worker] o.s.c.g.r.RouteDefinitionRouteLocator    : RouteDefinition purchase-service applying {_genkey_0=/api/v1/purchase/**} to Path
2024-11-08T17:16:56.374+09:00 DEBUG 23248 --- [gateway] [    Test worker] o.s.c.g.r.RouteDefinitionRouteLocator    : RouteDefinition matched: purchase-service
2024-11-08T17:16:56.374+09:00 DEBUG 23248 --- [gateway] [    Test worker] o.s.c.g.r.RouteDefinitionRouteLocator    : RouteDefinition recommend-service applying {_genkey_0=/api/v1/recommend/**} to Path
2024-11-08T17:16:56.375+09:00 DEBUG 23248 --- [gateway] [    Test worker] o.s.c.g.r.RouteDefinitionRouteLocator    : RouteDefinition matched: recommend-service
2024-11-08T17:16:56.375+09:00 DEBUG 23248 --- [gateway] [    Test worker] o.s.c.g.r.RouteDefinitionRouteLocator    : RouteDefinition check-mileage-service applying {_genkey_0=/api/v1/check-mileage/**} to Path
2024-11-08T17:16:56.376+09:00 DEBUG 23248 --- [gateway] [    Test worker] o.s.c.g.r.RouteDefinitionRouteLocator    : RouteDefinition matched: check-mileage-service
2024-11-08T17:16:56.376+09:00 DEBUG 23248 --- [gateway] [    Test worker] o.s.c.g.r.RouteDefinitionRouteLocator    : RouteDefinition ticket-service applying {_genkey_0=/api/v1/ticket/**} to Path
2024-11-08T17:16:56.376+09:00 DEBUG 23248 --- [gateway] [    Test worker] o.s.c.g.r.RouteDefinitionRouteLocator    : RouteDefinition matched: ticket-service
2024-11-08T17:16:56.387+09:00  INFO 23248 --- [gateway] [    Test worker] n.g.gateway.GatewayApplicationTests      : Started GatewayApplicationTests in 2.121 seconds (process running for 2.978)
2024-11-08T17:16:56.388+09:00 DEBUG 23248 --- [gateway] [    Test worker] o.s.b.a.ApplicationAvailabilityBean      : Application availability state LivenessState changed to CORRECT
2024-11-08T17:16:56.390+09:00 DEBUG 23248 --- [gateway] [    Test worker] o.s.b.a.ApplicationAvailabilityBean      : Application availability state ReadinessState changed to ACCEPTING_TRAFFIC
2024-11-08T17:16:56.392+09:00 DEBUG 23248 --- [gateway] [    Test worker] org.springframework.test.context.cache   : Spring test ApplicationContext cache statistics: [DefaultContextCache@58aa5c94 size = 1, maxSize = 32, parentContextCount = 0, hitCount = 0, missCount = 1, failureCount = 0]
2024-11-08T17:16:56.393+09:00 DEBUG 23248 --- [gateway] [    Test worker] org.springframework.test.context.cache   : Spring test ApplicationContext cache statistics: [DefaultContextCache@58aa5c94 size = 1, maxSize = 32, parentContextCount = 0, hitCount = 1, missCount = 1, failureCount = 0]
2024-11-08T17:16:56.395+09:00 DEBUG 23248 --- [gateway] [    Test worker] sContextBeforeModesTestExecutionListener : Before test method: class [GatewayApplicationTests], method [contextLoads], class annotated with @DirtiesContext [false] with mode [null], method annotated with @DirtiesContext [false] with mode [null]
2024-11-08T17:16:56.396+09:00 DEBUG 23248 --- [gateway] [    Test worker] org.springframework.test.context.cache   : Spring test ApplicationContext cache statistics: [DefaultContextCache@58aa5c94 size = 1, maxSize = 32, parentContextCount = 0, hitCount = 2, missCount = 1, failureCount = 0]
2024-11-08T17:16:56.398+09:00 DEBUG 23248 --- [gateway] [    Test worker] org.springframework.test.context.cache   : Spring test ApplicationContext cache statistics: [DefaultContextCache@58aa5c94 size = 1, maxSize = 32, parentContextCount = 0, hitCount = 3, missCount = 1, failureCount = 0]
2024-11-08T17:16:56.937+09:00 DEBUG 23248 --- [gateway] [    Test worker] org.springframework.test.context.cache   : Spring test ApplicationContext cache statistics: [DefaultContextCache@58aa5c94 size = 1, maxSize = 32, parentContextCount = 0, hitCount = 4, missCount = 1, failureCount = 0]
2024-11-08T17:16:56.941+09:00 DEBUG 23248 --- [gateway] [    Test worker] org.springframework.test.context.cache   : Spring test ApplicationContext cache statistics: [DefaultContextCache@58aa5c94 size = 1, maxSize = 32, parentContextCount = 0, hitCount = 5, missCount = 1, failureCount = 0]
2024-11-08T17:16:56.941+09:00 DEBUG 23248 --- [gateway] [    Test worker] org.springframework.test.context.cache   : Spring test ApplicationContext cache statistics: [DefaultContextCache@58aa5c94 size = 1, maxSize = 32, parentContextCount = 0, hitCount = 6, missCount = 1, failureCount = 0]
2024-11-08T17:16:56.942+09:00 DEBUG 23248 --- [gateway] [    Test worker] org.springframework.test.context.cache   : Spring test ApplicationContext cache statistics: [DefaultContextCache@58aa5c94 size = 1, maxSize = 32, parentContextCount = 0, hitCount = 7, missCount = 1, failureCount = 0]
2024-11-08T17:16:56.942+09:00 DEBUG 23248 --- [gateway] [    Test worker] org.springframework.test.context.cache   : Spring test ApplicationContext cache statistics: [DefaultContextCache@58aa5c94 size = 1, maxSize = 32, parentContextCount = 0, hitCount = 8, missCount = 1, failureCount = 0]
2024-11-08T17:16:56.943+09:00 DEBUG 23248 --- [gateway] [    Test worker] org.springframework.test.context.cache   : Spring test ApplicationContext cache statistics: [DefaultContextCache@58aa5c94 size = 1, maxSize = 32, parentContextCount = 0, hitCount = 9, missCount = 1, failureCount = 0]
2024-11-08T17:16:56.944+09:00 DEBUG 23248 --- [gateway] [    Test worker] org.springframework.test.context.cache   : Spring test ApplicationContext cache statistics: [DefaultContextCache@58aa5c94 size = 1, maxSize = 32, parentContextCount = 0, hitCount = 10, missCount = 1, failureCount = 0]
2024-11-08T17:16:56.944+09:00 DEBUG 23248 --- [gateway] [    Test worker] org.springframework.test.context.cache   : Spring test ApplicationContext cache statistics: [DefaultContextCache@58aa5c94 size = 1, maxSize = 32, parentContextCount = 0, hitCount = 11, missCount = 1, failureCount = 0]
2024-11-08T17:16:56.944+09:00 DEBUG 23248 --- [gateway] [    Test worker] .c.s.DirtiesContextTestExecutionListener : After test method: class [GatewayApplicationTests], method [contextLoads], class annotated with @DirtiesContext [false] with mode [null], method annotated with @DirtiesContext [false] with mode [null]
2024-11-08T17:16:56.948+09:00 DEBUG 23248 --- [gateway] [    Test worker] org.springframework.test.context.cache   : Spring test ApplicationContext cache statistics: [DefaultContextCache@58aa5c94 size = 1, maxSize = 32, parentContextCount = 0, hitCount = 12, missCount = 1, failureCount = 0]
2024-11-08T17:16:56.949+09:00 DEBUG 23248 --- [gateway] [    Test worker] .c.s.DirtiesContextTestExecutionListener : After test class: class [GatewayApplicationTests], class annotated with @DirtiesContext [false] with mode [null]
]]></system-out>
  <system-err><![CDATA[]]></system-err>
</testsuite>
